<?xml version="1.0" encoding="utf-8"?>
<CoverageSession>
  <Summary numSequencePoints="454" visitedSequencePoints="1" numBranchPoints="306" visitedBranchPoints="0" sequenceCoverage="0.2" branchCoverage="0" maxCyclomaticComplexity="365" minCyclomaticComplexity="2" visitedClasses="1" numClasses="48" visitedMethods="1" numMethods="184" />
  <Modules>
    <Module hash="6724B619-07EA-4F3B-8E41-BD40C4288D97">
      <ModulePath>GenHTTP.Api.dll</ModulePath>
      <ModuleTime>2019-03-30T05:26:53</ModuleTime>
      <ModuleName>GenHTTP.Api</ModuleName>
      <Files>
        <File uid="1" fullPath="C:\Users\andrn\source\repos\Kaliumhexacyanoferrat\GenHTTP\API\GenHTTP.API\Routing\Routing.cs" />
        <File uid="2" fullPath="C:\Users\andrn\source\repos\Kaliumhexacyanoferrat\GenHTTP\API\GenHTTP.API\Routing\RoutingContext.cs" />
        <File uid="3" fullPath="C:\Users\andrn\source\repos\Kaliumhexacyanoferrat\GenHTTP\API\GenHTTP.API\Protocol\CookieCollection.cs" />
        <File uid="4" fullPath="C:\Users\andrn\source\repos\Kaliumhexacyanoferrat\GenHTTP\API\GenHTTP.API\Protocol\HttpCookie.cs" />
        <File uid="5" fullPath="C:\Users\andrn\source\repos\Kaliumhexacyanoferrat\GenHTTP\API\GenHTTP.API\Protocol\ResponseAlreadySentException.cs" />
        <File uid="6" fullPath="C:\Users\andrn\source\repos\Kaliumhexacyanoferrat\GenHTTP\API\GenHTTP.API\Protocol\SocketBindingException.cs" />
        <File uid="7" fullPath="C:\Users\andrn\source\repos\Kaliumhexacyanoferrat\GenHTTP\API\GenHTTP.API\Modules\Templating\PageModel.cs" />
        <File uid="8" fullPath="C:\Users\andrn\source\repos\Kaliumhexacyanoferrat\GenHTTP\API\GenHTTP.API\Modules\Templating\TemplateModel.cs" />
        <File uid="9" fullPath="C:\Users\andrn\source\repos\Kaliumhexacyanoferrat\GenHTTP\API\GenHTTP.API\Infrastructure\BuilderMissingPropertyException.cs" />
      </Files>
      <Classes>
        <Class>
          <Summary numSequencePoints="8" visitedSequencePoints="0" numBranchPoints="6" visitedBranchPoints="0" sequenceCoverage="0" branchCoverage="0" maxCyclomaticComplexity="4" minCyclomaticComplexity="2" visitedClasses="0" numClasses="1" visitedMethods="0" numMethods="2" />
          <FullName>GenHTTP.Api.Routing.Routing</FullName>
          <Methods>
            <Method cyclomaticComplexity="4" nPathComplexity="0" sequenceCoverage="0" branchCoverage="0" isConstructor="False" isGetter="False" isSetter="False" isStatic="True">
              <Summary numSequencePoints="5" visitedSequencePoints="0" numBranchPoints="4" visitedBranchPoints="0" sequenceCoverage="0" branchCoverage="0" maxCyclomaticComplexity="4" minCyclomaticComplexity="4" visitedClasses="0" numClasses="0" visitedMethods="0" numMethods="1" />
              <MetadataToken />
              <Name>System.String GenHTTP.Api.Routing.Routing::GetSegment(System.String)</Name>
              <FileRef uid="1" />
              <SequencePoints>
                <SequencePoint vc="0" uspid="13" ordinal="0" sl="13" sc="1" el="13" ec="2" bec="0" bev="0" fileid="1" />
                <SequencePoint vc="0" uspid="15" ordinal="1" sl="15" sc="1" el="15" ec="2" bec="0" bev="0" fileid="1" />
                <SequencePoint vc="0" uspid="17" ordinal="2" sl="17" sc="1" el="17" ec="2" bec="0" bev="0" fileid="1" />
                <SequencePoint vc="0" uspid="19" ordinal="3" sl="19" sc="1" el="19" ec="2" bec="0" bev="0" fileid="1" />
                <SequencePoint vc="0" uspid="22" ordinal="4" sl="22" sc="1" el="22" ec="2" bec="0" bev="0" fileid="1" />
              </SequencePoints>
              <BranchPoints>
                <BranchPoint vc="0" uspid="13" ordinal="0" path="0" offset="11" offsetend="13" sl="13" fileid="1" />
                <BranchPoint vc="0" uspid="13" ordinal="1" path="1" offset="11" offsetend="16" sl="13" fileid="1" />
                <BranchPoint vc="0" uspid="17" ordinal="2" path="0" offset="35" offsetend="37" sl="17" fileid="1" />
                <BranchPoint vc="0" uspid="17" ordinal="3" path="1" offset="35" offsetend="46" sl="17" fileid="1" />
              </BranchPoints>
              <MethodPoint vc="0" uspid="0" p8:type="SequencePoint" ordinal="0" offset="0" sc="0" sl="13" ec="1" el="22" bec="0" bev="0" fileid="1" xmlns:p8="xsi" />
            </Method>
            <Method cyclomaticComplexity="2" nPathComplexity="0" sequenceCoverage="0" branchCoverage="0" isConstructor="False" isGetter="False" isSetter="False" isStatic="True">
              <Summary numSequencePoints="3" visitedSequencePoints="0" numBranchPoints="2" visitedBranchPoints="0" sequenceCoverage="0" branchCoverage="0" maxCyclomaticComplexity="2" minCyclomaticComplexity="2" visitedClasses="0" numClasses="0" visitedMethods="0" numMethods="1" />
              <MetadataToken />
              <Name>System.String GenHTTP.Api.Routing.Routing::GetRelation(System.Int32)</Name>
              <FileRef uid="1" />
              <SequencePoints>
                <SequencePoint vc="0" uspid="27" ordinal="0" sl="27" sc="1" el="27" ec="2" bec="0" bev="0" fileid="1" />
                <SequencePoint vc="0" uspid="29" ordinal="1" sl="29" sc="1" el="29" ec="2" bec="0" bev="0" fileid="1" />
                <SequencePoint vc="0" uspid="32" ordinal="2" sl="32" sc="1" el="32" ec="2" bec="0" bev="0" fileid="1" />
              </SequencePoints>
              <BranchPoints>
                <BranchPoint vc="0" uspid="27" ordinal="0" path="0" offset="1" offsetend="3" sl="27" fileid="1" />
                <BranchPoint vc="0" uspid="27" ordinal="1" path="1" offset="1" offsetend="9" sl="27" fileid="1" />
              </BranchPoints>
              <MethodPoint vc="0" uspid="0" p8:type="SequencePoint" ordinal="1" offset="1" sc="0" sl="27" ec="1" el="32" bec="0" bev="0" fileid="1" xmlns:p8="xsi" />
            </Method>
          </Methods>
        </Class>
        <Class>
          <Summary numSequencePoints="21" visitedSequencePoints="0" numBranchPoints="12" visitedBranchPoints="0" sequenceCoverage="0" branchCoverage="0" maxCyclomaticComplexity="8" minCyclomaticComplexity="1" visitedClasses="0" numClasses="1" visitedMethods="0" numMethods="8" />
          <FullName>GenHTTP.Api.Routing.RoutingContext</FullName>
          <Methods>
            <Method cyclomaticComplexity="1" nPathComplexity="0" sequenceCoverage="0" branchCoverage="100" isConstructor="False" isGetter="True" isSetter="False" isStatic="True">
              <Summary numSequencePoints="1" visitedSequencePoints="0" numBranchPoints="0" visitedBranchPoints="0" sequenceCoverage="0" branchCoverage="100" maxCyclomaticComplexity="1" minCyclomaticComplexity="1" visitedClasses="0" numClasses="0" visitedMethods="0" numMethods="1" />
              <MetadataToken />
              <Name>GenHTTP.Api.Routing.IRouter GenHTTP.Api.Routing.RoutingContext::get_Router()</Name>
              <FileRef uid="2" />
              <SequencePoints>
                <SequencePoint vc="0" uspid="17" ordinal="0" sl="17" sc="1" el="17" ec="2" bec="0" bev="0" fileid="2" />
              </SequencePoints>
              <BranchPoints />
              <MethodPoint vc="0" uspid="0" p8:type="SequencePoint" ordinal="0" offset="0" sc="0" sl="17" ec="1" el="17" bec="0" bev="0" fileid="2" xmlns:p8="xsi" />
            </Method>
            <Method cyclomaticComplexity="1" nPathComplexity="0" sequenceCoverage="0" branchCoverage="100" isConstructor="False" isGetter="True" isSetter="False" isStatic="True">
              <Summary numSequencePoints="1" visitedSequencePoints="0" numBranchPoints="0" visitedBranchPoints="0" sequenceCoverage="0" branchCoverage="100" maxCyclomaticComplexity="1" minCyclomaticComplexity="1" visitedClasses="0" numClasses="0" visitedMethods="0" numMethods="1" />
              <MetadataToken />
              <Name>GenHTTP.Api.Modules.IContentProvider GenHTTP.Api.Routing.RoutingContext::get_ContentProvider()</Name>
              <FileRef uid="2" />
              <SequencePoints>
                <SequencePoint vc="0" uspid="19" ordinal="0" sl="19" sc="1" el="19" ec="2" bec="0" bev="0" fileid="2" />
              </SequencePoints>
              <BranchPoints />
              <MethodPoint vc="0" uspid="0" p8:type="SequencePoint" ordinal="1" offset="1" sc="0" sl="19" ec="1" el="19" bec="0" bev="0" fileid="2" xmlns:p8="xsi" />
            </Method>
            <Method cyclomaticComplexity="1" nPathComplexity="0" sequenceCoverage="0" branchCoverage="100" isConstructor="False" isGetter="True" isSetter="False" isStatic="True">
              <Summary numSequencePoints="1" visitedSequencePoints="0" numBranchPoints="0" visitedBranchPoints="0" sequenceCoverage="0" branchCoverage="100" maxCyclomaticComplexity="1" minCyclomaticComplexity="1" visitedClasses="0" numClasses="0" visitedMethods="0" numMethods="1" />
              <MetadataToken />
              <Name>GenHTTP.Api.Protocol.IHttpRequest GenHTTP.Api.Routing.RoutingContext::get_Request()</Name>
              <FileRef uid="2" />
              <SequencePoints>
                <SequencePoint vc="0" uspid="21" ordinal="0" sl="21" sc="1" el="21" ec="2" bec="0" bev="0" fileid="2" />
              </SequencePoints>
              <BranchPoints />
              <MethodPoint vc="0" uspid="0" p8:type="SequencePoint" ordinal="2" offset="2" sc="0" sl="21" ec="1" el="21" bec="0" bev="0" fileid="2" xmlns:p8="xsi" />
            </Method>
            <Method cyclomaticComplexity="1" nPathComplexity="0" sequenceCoverage="0" branchCoverage="100" isConstructor="False" isGetter="True" isSetter="False" isStatic="True">
              <Summary numSequencePoints="1" visitedSequencePoints="0" numBranchPoints="0" visitedBranchPoints="0" sequenceCoverage="0" branchCoverage="100" maxCyclomaticComplexity="1" minCyclomaticComplexity="1" visitedClasses="0" numClasses="0" visitedMethods="0" numMethods="1" />
              <MetadataToken />
              <Name>System.String GenHTTP.Api.Routing.RoutingContext::get_ScopedPath()</Name>
              <FileRef uid="2" />
              <SequencePoints>
                <SequencePoint vc="0" uspid="23" ordinal="0" sl="23" sc="1" el="23" ec="2" bec="0" bev="0" fileid="2" />
              </SequencePoints>
              <BranchPoints />
              <MethodPoint vc="0" uspid="0" p8:type="SequencePoint" ordinal="3" offset="3" sc="0" sl="23" ec="1" el="23" bec="0" bev="0" fileid="2" xmlns:p8="xsi" />
            </Method>
            <Method cyclomaticComplexity="4" nPathComplexity="0" sequenceCoverage="0" branchCoverage="0" isConstructor="False" isGetter="False" isSetter="False" isStatic="True">
              <Summary numSequencePoints="4" visitedSequencePoints="0" numBranchPoints="4" visitedBranchPoints="0" sequenceCoverage="0" branchCoverage="0" maxCyclomaticComplexity="4" minCyclomaticComplexity="4" visitedClasses="0" numClasses="0" visitedMethods="0" numMethods="1" />
              <MetadataToken />
              <Name>System.Void GenHTTP.Api.Routing.RoutingContext::Scope(GenHTTP.Api.Routing.IRouter,System.String)</Name>
              <FileRef uid="2" />
              <SequencePoints>
                <SequencePoint vc="0" uspid="43" ordinal="0" sl="43" sc="1" el="43" ec="2" bec="0" bev="0" fileid="2" />
                <SequencePoint vc="0" uspid="45" ordinal="1" sl="45" sc="1" el="45" ec="2" bec="0" bev="0" fileid="2" />
                <SequencePoint vc="0" uspid="47" ordinal="2" sl="47" sc="1" el="47" ec="2" bec="0" bev="0" fileid="2" />
                <SequencePoint vc="0" uspid="49" ordinal="3" sl="49" sc="1" el="49" ec="2" bec="0" bev="0" fileid="2" />
              </SequencePoints>
              <BranchPoints>
                <BranchPoint vc="0" uspid="45" ordinal="0" path="0" offset="8" offsetend="10" sl="45" fileid="2" />
                <BranchPoint vc="0" uspid="47" ordinal="2" path="0" offset="23" offsetend="25" sl="47" fileid="2" />
                <BranchPoint vc="0" uspid="47" ordinal="3" path="1" offset="23" offsetend="32" sl="47" fileid="2" />
                <BranchPoint vc="0" uspid="45" ordinal="1" path="1" offset="8" offsetend="56" sl="45" fileid="2" />
              </BranchPoints>
              <MethodPoint vc="0" uspid="0" p8:type="SequencePoint" ordinal="4" offset="4" sc="0" sl="43" ec="1" el="49" bec="0" bev="0" fileid="2" xmlns:p8="xsi" />
            </Method>
            <Method cyclomaticComplexity="1" nPathComplexity="0" sequenceCoverage="0" branchCoverage="100" isConstructor="False" isGetter="False" isSetter="False" isStatic="True">
              <Summary numSequencePoints="2" visitedSequencePoints="0" numBranchPoints="0" visitedBranchPoints="0" sequenceCoverage="0" branchCoverage="100" maxCyclomaticComplexity="1" minCyclomaticComplexity="1" visitedClasses="0" numClasses="0" visitedMethods="0" numMethods="1" />
              <MetadataToken />
              <Name>System.Void GenHTTP.Api.Routing.RoutingContext::RegisterContent(GenHTTP.Api.Modules.IContentProvider)</Name>
              <FileRef uid="2" />
              <SequencePoints>
                <SequencePoint vc="0" uspid="53" ordinal="0" sl="53" sc="1" el="53" ec="2" bec="0" bev="0" fileid="2" />
                <SequencePoint vc="0" uspid="54" ordinal="1" sl="54" sc="1" el="54" ec="2" bec="0" bev="0" fileid="2" />
              </SequencePoints>
              <BranchPoints />
              <MethodPoint vc="0" uspid="0" p8:type="SequencePoint" ordinal="5" offset="5" sc="0" sl="53" ec="1" el="54" bec="0" bev="0" fileid="2" xmlns:p8="xsi" />
            </Method>
            <Method cyclomaticComplexity="8" nPathComplexity="0" sequenceCoverage="0" branchCoverage="0" isConstructor="False" isGetter="False" isSetter="False" isStatic="True">
              <Summary numSequencePoints="6" visitedSequencePoints="0" numBranchPoints="8" visitedBranchPoints="0" sequenceCoverage="0" branchCoverage="0" maxCyclomaticComplexity="8" minCyclomaticComplexity="8" visitedClasses="0" numClasses="0" visitedMethods="0" numMethods="1" />
              <MetadataToken />
              <Name>System.String GenHTTP.Api.Routing.RoutingContext::Route(System.String)</Name>
              <FileRef uid="2" />
              <SequencePoints>
                <SequencePoint vc="0" uspid="58" ordinal="0" sl="58" sc="1" el="58" ec="2" bec="0" bev="0" fileid="2" />
                <SequencePoint vc="0" uspid="60" ordinal="1" sl="60" sc="1" el="60" ec="2" bec="0" bev="0" fileid="2" />
                <SequencePoint vc="0" uspid="63" ordinal="2" sl="63" sc="1" el="63" ec="2" bec="0" bev="0" fileid="2" />
                <SequencePoint vc="0" uspid="65" ordinal="3" sl="65" sc="1" el="65" ec="2" bec="0" bev="0" fileid="2" />
                <SequencePoint vc="0" uspid="68" ordinal="4" sl="68" sc="1" el="68" ec="2" bec="0" bev="0" fileid="2" />
                <SequencePoint vc="0" uspid="70" ordinal="5" sl="70" sc="1" el="70" ec="2" bec="0" bev="0" fileid="2" />
              </SequencePoints>
              <BranchPoints>
                <BranchPoint vc="0" uspid="58" ordinal="0" path="0" offset="6" offsetend="8" sl="58" fileid="2" />
                <BranchPoint vc="0" uspid="58" ordinal="1" path="1" offset="6" offsetend="10" sl="58" fileid="2" />
                <BranchPoint vc="0" uspid="63" ordinal="2" path="0" offset="21" offsetend="23" sl="63" fileid="2" />
                <BranchPoint vc="0" uspid="63" ordinal="3" path="1" offset="21" offsetend="36" sl="63" fileid="2" />
                <BranchPoint vc="0" uspid="63" ordinal="4" path="0" offset="34" offsetend="36" sl="63" fileid="2" />
                <BranchPoint vc="0" uspid="63" ordinal="5" path="1" offset="34" offsetend="38" sl="63" fileid="2" />
                <BranchPoint vc="0" uspid="68" ordinal="6" path="0" offset="50" offsetend="52" sl="68" fileid="2" />
                <BranchPoint vc="0" uspid="68" ordinal="7" path="1" offset="50" offsetend="75" sl="68" fileid="2" />
              </BranchPoints>
              <MethodPoint vc="0" uspid="0" p8:type="SequencePoint" ordinal="6" offset="6" sc="0" sl="58" ec="1" el="70" bec="0" bev="0" fileid="2" xmlns:p8="xsi" />
            </Method>
            <Method cyclomaticComplexity="1" nPathComplexity="0" sequenceCoverage="0" branchCoverage="100" isConstructor="True" isGetter="False" isSetter="False" isStatic="True">
              <Summary numSequencePoints="5" visitedSequencePoints="0" numBranchPoints="0" visitedBranchPoints="0" sequenceCoverage="0" branchCoverage="100" maxCyclomaticComplexity="1" minCyclomaticComplexity="1" visitedClasses="0" numClasses="0" visitedMethods="0" numMethods="1" />
              <MetadataToken />
              <Name>System.Void GenHTTP.Api.Routing.RoutingContext::.ctor(GenHTTP.Api.Routing.IRouter,GenHTTP.Api.Protocol.IHttpRequest)</Name>
              <FileRef uid="2" />
              <SequencePoints>
                <SequencePoint vc="0" uspid="29" ordinal="0" sl="29" sc="1" el="29" ec="2" bec="0" bev="0" fileid="2" />
                <SequencePoint vc="0" uspid="31" ordinal="1" sl="31" sc="1" el="31" ec="2" bec="0" bev="0" fileid="2" />
                <SequencePoint vc="0" uspid="32" ordinal="2" sl="32" sc="1" el="32" ec="2" bec="0" bev="0" fileid="2" />
                <SequencePoint vc="0" uspid="34" ordinal="3" sl="34" sc="1" el="34" ec="2" bec="0" bev="0" fileid="2" />
                <SequencePoint vc="0" uspid="35" ordinal="4" sl="35" sc="1" el="35" ec="2" bec="0" bev="0" fileid="2" />
              </SequencePoints>
              <BranchPoints />
              <MethodPoint vc="0" uspid="0" p8:type="SequencePoint" ordinal="7" offset="7" sc="0" sl="29" ec="1" el="35" bec="0" bev="0" fileid="2" xmlns:p8="xsi" />
            </Method>
          </Methods>
        </Class>
        <Class>
          <Summary numSequencePoints="14" visitedSequencePoints="0" numBranchPoints="4" visitedBranchPoints="0" sequenceCoverage="0" branchCoverage="0" maxCyclomaticComplexity="2" minCyclomaticComplexity="1" visitedClasses="0" numClasses="1" visitedMethods="0" numMethods="7" />
          <FullName>GenHTTP.Api.Protocol.CookieCollection</FullName>
          <Methods>
            <Method cyclomaticComplexity="2" nPathComplexity="0" sequenceCoverage="0" branchCoverage="0" isConstructor="False" isGetter="True" isSetter="False" isStatic="True">
              <Summary numSequencePoints="2" visitedSequencePoints="0" numBranchPoints="2" visitedBranchPoints="0" sequenceCoverage="0" branchCoverage="0" maxCyclomaticComplexity="2" minCyclomaticComplexity="2" visitedClasses="0" numClasses="0" visitedMethods="0" numMethods="1" />
              <MetadataToken />
              <Name>GenHTTP.Api.Protocol.HttpCookie GenHTTP.Api.Protocol.CookieCollection::get_Item(System.String)</Name>
              <FileRef uid="3" />
              <SequencePoints>
                <SequencePoint vc="0" uspid="33" ordinal="0" sl="33" sc="1" el="33" ec="2" bec="0" bev="0" fileid="3" />
                <SequencePoint vc="0" uspid="34" ordinal="1" sl="34" sc="1" el="34" ec="2" bec="0" bev="0" fileid="3" />
              </SequencePoints>
              <BranchPoints>
                <BranchPoint vc="0" uspid="33" ordinal="0" path="0" offset="12" offsetend="14" sl="33" fileid="3" />
                <BranchPoint vc="0" uspid="33" ordinal="1" path="1" offset="12" offsetend="27" sl="33" fileid="3" />
              </BranchPoints>
              <MethodPoint vc="0" uspid="0" p8:type="SequencePoint" ordinal="0" offset="0" sc="0" sl="33" ec="1" el="34" bec="0" bev="0" fileid="3" xmlns:p8="xsi" />
            </Method>
            <Method cyclomaticComplexity="1" nPathComplexity="0" sequenceCoverage="0" branchCoverage="100" isConstructor="False" isGetter="True" isSetter="False" isStatic="True">
              <Summary numSequencePoints="1" visitedSequencePoints="0" numBranchPoints="0" visitedBranchPoints="0" sequenceCoverage="0" branchCoverage="100" maxCyclomaticComplexity="1" minCyclomaticComplexity="1" visitedClasses="0" numClasses="0" visitedMethods="0" numMethods="1" />
              <MetadataToken />
              <Name>System.Int32 GenHTTP.Api.Protocol.CookieCollection::get_Count()</Name>
              <FileRef uid="3" />
              <SequencePoints>
                <SequencePoint vc="0" uspid="43" ordinal="0" sl="43" sc="1" el="43" ec="2" bec="0" bev="0" fileid="3" />
              </SequencePoints>
              <BranchPoints />
              <MethodPoint vc="0" uspid="0" p8:type="SequencePoint" ordinal="1" offset="1" sc="0" sl="43" ec="1" el="43" bec="0" bev="0" fileid="3" xmlns:p8="xsi" />
            </Method>
            <Method cyclomaticComplexity="2" nPathComplexity="0" sequenceCoverage="0" branchCoverage="0" isConstructor="False" isGetter="False" isSetter="False" isStatic="True">
              <Summary numSequencePoints="5" visitedSequencePoints="0" numBranchPoints="2" visitedBranchPoints="0" sequenceCoverage="0" branchCoverage="0" maxCyclomaticComplexity="2" minCyclomaticComplexity="2" visitedClasses="0" numClasses="0" visitedMethods="0" numMethods="1" />
              <MetadataToken />
              <Name>System.Void GenHTTP.Api.Protocol.CookieCollection::Add(System.String,System.String)</Name>
              <FileRef uid="3" />
              <SequencePoints>
                <SequencePoint vc="0" uspid="50" ordinal="0" sl="50" sc="1" el="50" ec="2" bec="0" bev="0" fileid="3" />
                <SequencePoint vc="0" uspid="52" ordinal="1" sl="52" sc="1" el="52" ec="2" bec="0" bev="0" fileid="3" />
                <SequencePoint vc="0" uspid="53" ordinal="2" sl="53" sc="1" el="53" ec="2" bec="0" bev="0" fileid="3" />
                <SequencePoint vc="0" uspid="56" ordinal="3" sl="56" sc="1" el="56" ec="2" bec="0" bev="0" fileid="3" />
                <SequencePoint vc="0" uspid="58" ordinal="4" sl="58" sc="1" el="58" ec="2" bec="0" bev="0" fileid="3" />
              </SequencePoints>
              <BranchPoints>
                <BranchPoint vc="0" uspid="50" ordinal="0" path="0" offset="12" offsetend="14" sl="50" fileid="3" />
                <BranchPoint vc="0" uspid="50" ordinal="1" path="1" offset="12" offsetend="33" sl="50" fileid="3" />
              </BranchPoints>
              <MethodPoint vc="0" uspid="0" p8:type="SequencePoint" ordinal="2" offset="2" sc="0" sl="50" ec="1" el="58" bec="0" bev="0" fileid="3" xmlns:p8="xsi" />
            </Method>
            <Method cyclomaticComplexity="1" nPathComplexity="0" sequenceCoverage="0" branchCoverage="100" isConstructor="False" isGetter="False" isSetter="False" isStatic="True">
              <Summary numSequencePoints="1" visitedSequencePoints="0" numBranchPoints="0" visitedBranchPoints="0" sequenceCoverage="0" branchCoverage="100" maxCyclomaticComplexity="1" minCyclomaticComplexity="1" visitedClasses="0" numClasses="0" visitedMethods="0" numMethods="1" />
              <MetadataToken />
              <Name>System.Collections.Generic.IEnumerator`1&lt;GenHTTP.Api.Protocol.HttpCookie&gt; GenHTTP.Api.Protocol.CookieCollection::GetEnumerator()</Name>
              <FileRef uid="3" />
              <SequencePoints>
                <SequencePoint vc="0" uspid="66" ordinal="0" sl="66" sc="1" el="66" ec="2" bec="0" bev="0" fileid="3" />
              </SequencePoints>
              <BranchPoints />
              <MethodPoint vc="0" uspid="0" p8:type="SequencePoint" ordinal="3" offset="3" sc="0" sl="66" ec="1" el="66" bec="0" bev="0" fileid="3" xmlns:p8="xsi" />
            </Method>
            <Method cyclomaticComplexity="1" nPathComplexity="0" sequenceCoverage="0" branchCoverage="100" isConstructor="False" isGetter="False" isSetter="False" isStatic="True">
              <Summary numSequencePoints="1" visitedSequencePoints="0" numBranchPoints="0" visitedBranchPoints="0" sequenceCoverage="0" branchCoverage="100" maxCyclomaticComplexity="1" minCyclomaticComplexity="1" visitedClasses="0" numClasses="0" visitedMethods="0" numMethods="1" />
              <MetadataToken />
              <Name>System.Collections.IEnumerator GenHTTP.Api.Protocol.CookieCollection::System.Collections.IEnumerable.GetEnumerator()</Name>
              <FileRef uid="3" />
              <SequencePoints>
                <SequencePoint vc="0" uspid="71" ordinal="0" sl="71" sc="1" el="71" ec="2" bec="0" bev="0" fileid="3" />
              </SequencePoints>
              <BranchPoints />
              <MethodPoint vc="0" uspid="0" p8:type="SequencePoint" ordinal="4" offset="4" sc="0" sl="71" ec="1" el="71" bec="0" bev="0" fileid="3" xmlns:p8="xsi" />
            </Method>
            <Method cyclomaticComplexity="1" nPathComplexity="0" sequenceCoverage="0" branchCoverage="100" isConstructor="False" isGetter="False" isSetter="False" isStatic="True">
              <Summary numSequencePoints="1" visitedSequencePoints="0" numBranchPoints="0" visitedBranchPoints="0" sequenceCoverage="0" branchCoverage="100" maxCyclomaticComplexity="1" minCyclomaticComplexity="1" visitedClasses="0" numClasses="0" visitedMethods="0" numMethods="1" />
              <MetadataToken />
              <Name>System.Boolean GenHTTP.Api.Protocol.CookieCollection::Exists(System.String)</Name>
              <FileRef uid="3" />
              <SequencePoints>
                <SequencePoint vc="0" uspid="81" ordinal="0" sl="81" sc="1" el="81" ec="2" bec="0" bev="0" fileid="3" />
              </SequencePoints>
              <BranchPoints />
              <MethodPoint vc="0" uspid="0" p8:type="SequencePoint" ordinal="5" offset="5" sc="0" sl="81" ec="1" el="81" bec="0" bev="0" fileid="3" xmlns:p8="xsi" />
            </Method>
            <Method cyclomaticComplexity="1" nPathComplexity="0" sequenceCoverage="0" branchCoverage="100" isConstructor="True" isGetter="False" isSetter="False" isStatic="True">
              <Summary numSequencePoints="3" visitedSequencePoints="0" numBranchPoints="0" visitedBranchPoints="0" sequenceCoverage="0" branchCoverage="100" maxCyclomaticComplexity="1" minCyclomaticComplexity="1" visitedClasses="0" numClasses="0" visitedMethods="0" numMethods="1" />
              <MetadataToken />
              <Name>System.Void GenHTTP.Api.Protocol.CookieCollection::.ctor()</Name>
              <FileRef uid="3" />
              <SequencePoints>
                <SequencePoint vc="0" uspid="17" ordinal="0" sl="17" sc="1" el="17" ec="2" bec="0" bev="0" fileid="3" />
                <SequencePoint vc="0" uspid="19" ordinal="1" sl="19" sc="1" el="19" ec="2" bec="0" bev="0" fileid="3" />
                <SequencePoint vc="0" uspid="20" ordinal="2" sl="20" sc="1" el="20" ec="2" bec="0" bev="0" fileid="3" />
              </SequencePoints>
              <BranchPoints />
              <MethodPoint vc="0" uspid="0" p8:type="SequencePoint" ordinal="6" offset="6" sc="0" sl="17" ec="1" el="20" bec="0" bev="0" fileid="3" xmlns:p8="xsi" />
            </Method>
          </Methods>
        </Class>
        <Class>
          <Summary numSequencePoints="17" visitedSequencePoints="0" numBranchPoints="0" visitedBranchPoints="0" sequenceCoverage="0" branchCoverage="100" maxCyclomaticComplexity="1" minCyclomaticComplexity="1" visitedClasses="0" numClasses="1" visitedMethods="0" numMethods="9" />
          <FullName>GenHTTP.Api.Protocol.HttpCookie</FullName>
          <Methods>
            <Method cyclomaticComplexity="1" nPathComplexity="0" sequenceCoverage="0" branchCoverage="100" isConstructor="False" isGetter="True" isSetter="False" isStatic="True">
              <Summary numSequencePoints="1" visitedSequencePoints="0" numBranchPoints="0" visitedBranchPoints="0" sequenceCoverage="0" branchCoverage="100" maxCyclomaticComplexity="1" minCyclomaticComplexity="1" visitedClasses="0" numClasses="0" visitedMethods="0" numMethods="1" />
              <MetadataToken />
              <Name>System.String GenHTTP.Api.Protocol.HttpCookie::get_Name()</Name>
              <FileRef uid="4" />
              <SequencePoints>
                <SequencePoint vc="0" uspid="52" ordinal="0" sl="52" sc="1" el="52" ec="2" bec="0" bev="0" fileid="4" />
              </SequencePoints>
              <BranchPoints />
              <MethodPoint vc="0" uspid="0" p8:type="SequencePoint" ordinal="0" offset="0" sc="0" sl="52" ec="1" el="52" bec="0" bev="0" fileid="4" xmlns:p8="xsi" />
            </Method>
            <Method cyclomaticComplexity="1" nPathComplexity="0" sequenceCoverage="0" branchCoverage="100" isConstructor="False" isGetter="True" isSetter="False" isStatic="True">
              <Summary numSequencePoints="1" visitedSequencePoints="0" numBranchPoints="0" visitedBranchPoints="0" sequenceCoverage="0" branchCoverage="100" maxCyclomaticComplexity="1" minCyclomaticComplexity="1" visitedClasses="0" numClasses="0" visitedMethods="0" numMethods="1" />
              <MetadataToken />
              <Name>System.String GenHTTP.Api.Protocol.HttpCookie::get_Value()</Name>
              <FileRef uid="4" />
              <SequencePoints>
                <SequencePoint vc="0" uspid="60" ordinal="0" sl="60" sc="1" el="60" ec="2" bec="0" bev="0" fileid="4" />
              </SequencePoints>
              <BranchPoints />
              <MethodPoint vc="0" uspid="0" p8:type="SequencePoint" ordinal="1" offset="1" sc="0" sl="60" ec="1" el="60" bec="0" bev="0" fileid="4" xmlns:p8="xsi" />
            </Method>
            <Method cyclomaticComplexity="1" nPathComplexity="0" sequenceCoverage="0" branchCoverage="100" isConstructor="False" isGetter="False" isSetter="True" isStatic="True">
              <Summary numSequencePoints="1" visitedSequencePoints="0" numBranchPoints="0" visitedBranchPoints="0" sequenceCoverage="0" branchCoverage="100" maxCyclomaticComplexity="1" minCyclomaticComplexity="1" visitedClasses="0" numClasses="0" visitedMethods="0" numMethods="1" />
              <MetadataToken />
              <Name>System.Void GenHTTP.Api.Protocol.HttpCookie::set_Value(System.String)</Name>
              <FileRef uid="4" />
              <SequencePoints>
                <SequencePoint vc="0" uspid="61" ordinal="0" sl="61" sc="1" el="61" ec="2" bec="0" bev="0" fileid="4" />
              </SequencePoints>
              <BranchPoints />
              <MethodPoint vc="0" uspid="0" p8:type="SequencePoint" ordinal="2" offset="2" sc="0" sl="61" ec="1" el="61" bec="0" bev="0" fileid="4" xmlns:p8="xsi" />
            </Method>
            <Method cyclomaticComplexity="1" nPathComplexity="0" sequenceCoverage="0" branchCoverage="100" isConstructor="False" isGetter="True" isSetter="False" isStatic="True">
              <Summary numSequencePoints="1" visitedSequencePoints="0" numBranchPoints="0" visitedBranchPoints="0" sequenceCoverage="0" branchCoverage="100" maxCyclomaticComplexity="1" minCyclomaticComplexity="1" visitedClasses="0" numClasses="0" visitedMethods="0" numMethods="1" />
              <MetadataToken />
              <Name>System.Nullable`1&lt;System.DateTime&gt; GenHTTP.Api.Protocol.HttpCookie::get_Expires()</Name>
              <FileRef uid="4" />
              <SequencePoints>
                <SequencePoint vc="0" uspid="69" ordinal="0" sl="69" sc="1" el="69" ec="2" bec="0" bev="0" fileid="4" />
              </SequencePoints>
              <BranchPoints />
              <MethodPoint vc="0" uspid="0" p8:type="SequencePoint" ordinal="3" offset="3" sc="0" sl="69" ec="1" el="69" bec="0" bev="0" fileid="4" xmlns:p8="xsi" />
            </Method>
            <Method cyclomaticComplexity="1" nPathComplexity="0" sequenceCoverage="0" branchCoverage="100" isConstructor="False" isGetter="False" isSetter="True" isStatic="True">
              <Summary numSequencePoints="1" visitedSequencePoints="0" numBranchPoints="0" visitedBranchPoints="0" sequenceCoverage="0" branchCoverage="100" maxCyclomaticComplexity="1" minCyclomaticComplexity="1" visitedClasses="0" numClasses="0" visitedMethods="0" numMethods="1" />
              <MetadataToken />
              <Name>System.Void GenHTTP.Api.Protocol.HttpCookie::set_Expires(System.Nullable`1&lt;System.DateTime&gt;)</Name>
              <FileRef uid="4" />
              <SequencePoints>
                <SequencePoint vc="0" uspid="70" ordinal="0" sl="70" sc="1" el="70" ec="2" bec="0" bev="0" fileid="4" />
              </SequencePoints>
              <BranchPoints />
              <MethodPoint vc="0" uspid="0" p8:type="SequencePoint" ordinal="4" offset="4" sc="0" sl="70" ec="1" el="70" bec="0" bev="0" fileid="4" xmlns:p8="xsi" />
            </Method>
            <Method cyclomaticComplexity="1" nPathComplexity="0" sequenceCoverage="0" branchCoverage="100" isConstructor="False" isGetter="True" isSetter="False" isStatic="True">
              <Summary numSequencePoints="1" visitedSequencePoints="0" numBranchPoints="0" visitedBranchPoints="0" sequenceCoverage="0" branchCoverage="100" maxCyclomaticComplexity="1" minCyclomaticComplexity="1" visitedClasses="0" numClasses="0" visitedMethods="0" numMethods="1" />
              <MetadataToken />
              <Name>System.Nullable`1&lt;System.UInt64&gt; GenHTTP.Api.Protocol.HttpCookie::get_MaxAge()</Name>
              <FileRef uid="4" />
              <SequencePoints>
                <SequencePoint vc="0" uspid="78" ordinal="0" sl="78" sc="1" el="78" ec="2" bec="0" bev="0" fileid="4" />
              </SequencePoints>
              <BranchPoints />
              <MethodPoint vc="0" uspid="0" p8:type="SequencePoint" ordinal="5" offset="5" sc="0" sl="78" ec="1" el="78" bec="0" bev="0" fileid="4" xmlns:p8="xsi" />
            </Method>
            <Method cyclomaticComplexity="1" nPathComplexity="0" sequenceCoverage="0" branchCoverage="100" isConstructor="False" isGetter="False" isSetter="True" isStatic="True">
              <Summary numSequencePoints="1" visitedSequencePoints="0" numBranchPoints="0" visitedBranchPoints="0" sequenceCoverage="0" branchCoverage="100" maxCyclomaticComplexity="1" minCyclomaticComplexity="1" visitedClasses="0" numClasses="0" visitedMethods="0" numMethods="1" />
              <MetadataToken />
              <Name>System.Void GenHTTP.Api.Protocol.HttpCookie::set_MaxAge(System.Nullable`1&lt;System.UInt64&gt;)</Name>
              <FileRef uid="4" />
              <SequencePoints>
                <SequencePoint vc="0" uspid="79" ordinal="0" sl="79" sc="1" el="79" ec="2" bec="0" bev="0" fileid="4" />
              </SequencePoints>
              <BranchPoints />
              <MethodPoint vc="0" uspid="0" p8:type="SequencePoint" ordinal="6" offset="6" sc="0" sl="79" ec="1" el="79" bec="0" bev="0" fileid="4" xmlns:p8="xsi" />
            </Method>
            <Method cyclomaticComplexity="1" nPathComplexity="0" sequenceCoverage="0" branchCoverage="100" isConstructor="True" isGetter="False" isSetter="False" isStatic="True">
              <Summary numSequencePoints="4" visitedSequencePoints="0" numBranchPoints="0" visitedBranchPoints="0" sequenceCoverage="0" branchCoverage="100" maxCyclomaticComplexity="1" minCyclomaticComplexity="1" visitedClasses="0" numClasses="0" visitedMethods="0" numMethods="1" />
              <MetadataToken />
              <Name>System.Void GenHTTP.Api.Protocol.HttpCookie::.ctor(System.String,System.String)</Name>
              <FileRef uid="4" />
              <SequencePoints>
                <SequencePoint vc="0" uspid="24" ordinal="0" sl="24" sc="1" el="24" ec="2" bec="0" bev="0" fileid="4" />
                <SequencePoint vc="0" uspid="26" ordinal="1" sl="26" sc="1" el="26" ec="2" bec="0" bev="0" fileid="4" />
                <SequencePoint vc="0" uspid="27" ordinal="2" sl="27" sc="1" el="27" ec="2" bec="0" bev="0" fileid="4" />
                <SequencePoint vc="0" uspid="28" ordinal="3" sl="28" sc="1" el="28" ec="2" bec="0" bev="0" fileid="4" />
              </SequencePoints>
              <BranchPoints />
              <MethodPoint vc="0" uspid="0" p8:type="SequencePoint" ordinal="7" offset="7" sc="0" sl="24" ec="1" el="28" bec="0" bev="0" fileid="4" xmlns:p8="xsi" />
            </Method>
            <Method cyclomaticComplexity="1" nPathComplexity="0" sequenceCoverage="0" branchCoverage="100" isConstructor="True" isGetter="False" isSetter="False" isStatic="True">
              <Summary numSequencePoints="6" visitedSequencePoints="0" numBranchPoints="0" visitedBranchPoints="0" sequenceCoverage="0" branchCoverage="100" maxCyclomaticComplexity="1" minCyclomaticComplexity="1" visitedClasses="0" numClasses="0" visitedMethods="0" numMethods="1" />
              <MetadataToken />
              <Name>System.Void GenHTTP.Api.Protocol.HttpCookie::.ctor(System.String,System.String,System.DateTime,System.UInt64)</Name>
              <FileRef uid="4" />
              <SequencePoints>
                <SequencePoint vc="0" uspid="37" ordinal="0" sl="37" sc="1" el="37" ec="2" bec="0" bev="0" fileid="4" />
                <SequencePoint vc="0" uspid="39" ordinal="1" sl="39" sc="1" el="39" ec="2" bec="0" bev="0" fileid="4" />
                <SequencePoint vc="0" uspid="40" ordinal="2" sl="40" sc="1" el="40" ec="2" bec="0" bev="0" fileid="4" />
                <SequencePoint vc="0" uspid="41" ordinal="3" sl="41" sc="1" el="41" ec="2" bec="0" bev="0" fileid="4" />
                <SequencePoint vc="0" uspid="42" ordinal="4" sl="42" sc="1" el="42" ec="2" bec="0" bev="0" fileid="4" />
                <SequencePoint vc="0" uspid="43" ordinal="5" sl="43" sc="1" el="43" ec="2" bec="0" bev="0" fileid="4" />
              </SequencePoints>
              <BranchPoints />
              <MethodPoint vc="0" uspid="0" p8:type="SequencePoint" ordinal="8" offset="8" sc="0" sl="37" ec="1" el="43" bec="0" bev="0" fileid="4" xmlns:p8="xsi" />
            </Method>
          </Methods>
        </Class>
        <Class>
          <Summary numSequencePoints="2" visitedSequencePoints="0" numBranchPoints="0" visitedBranchPoints="0" sequenceCoverage="0" branchCoverage="100" maxCyclomaticComplexity="1" minCyclomaticComplexity="1" visitedClasses="0" numClasses="1" visitedMethods="0" numMethods="1" />
          <FullName>GenHTTP.Api.Protocol.ResponseAlreadySentException</FullName>
          <Methods>
            <Method cyclomaticComplexity="1" nPathComplexity="0" sequenceCoverage="0" branchCoverage="100" isConstructor="True" isGetter="False" isSetter="False" isStatic="True">
              <Summary numSequencePoints="2" visitedSequencePoints="0" numBranchPoints="0" visitedBranchPoints="0" sequenceCoverage="0" branchCoverage="100" maxCyclomaticComplexity="1" minCyclomaticComplexity="1" visitedClasses="0" numClasses="0" visitedMethods="0" numMethods="1" />
              <MetadataToken />
              <Name>System.Void GenHTTP.Api.Protocol.ResponseAlreadySentException::.ctor()</Name>
              <FileRef uid="5" />
              <SequencePoints>
                <SequencePoint vc="0" uspid="18" ordinal="0" sl="18" sc="1" el="18" ec="2" bec="0" bev="0" fileid="5" />
                <SequencePoint vc="0" uspid="21" ordinal="1" sl="21" sc="1" el="21" ec="2" bec="0" bev="0" fileid="5" />
              </SequencePoints>
              <BranchPoints />
              <MethodPoint vc="0" uspid="0" p8:type="SequencePoint" ordinal="0" offset="0" sc="0" sl="18" ec="1" el="21" bec="0" bev="0" fileid="5" xmlns:p8="xsi" />
            </Method>
          </Methods>
        </Class>
        <Class>
          <Summary numSequencePoints="2" visitedSequencePoints="0" numBranchPoints="0" visitedBranchPoints="0" sequenceCoverage="0" branchCoverage="100" maxCyclomaticComplexity="1" minCyclomaticComplexity="1" visitedClasses="0" numClasses="1" visitedMethods="0" numMethods="1" />
          <FullName>GenHTTP.Api.Protocol.SocketBindingException</FullName>
          <Methods>
            <Method cyclomaticComplexity="1" nPathComplexity="0" sequenceCoverage="0" branchCoverage="100" isConstructor="True" isGetter="False" isSetter="False" isStatic="True">
              <Summary numSequencePoints="2" visitedSequencePoints="0" numBranchPoints="0" visitedBranchPoints="0" sequenceCoverage="0" branchCoverage="100" maxCyclomaticComplexity="1" minCyclomaticComplexity="1" visitedClasses="0" numClasses="0" visitedMethods="0" numMethods="1" />
              <MetadataToken />
              <Name>System.Void GenHTTP.Api.Protocol.SocketBindingException::.ctor(System.String,System.Exception)</Name>
              <FileRef uid="6" />
              <SequencePoints>
                <SequencePoint vc="0" uspid="14" ordinal="0" sl="14" sc="1" el="14" ec="2" bec="0" bev="0" fileid="6" />
                <SequencePoint vc="0" uspid="17" ordinal="1" sl="17" sc="1" el="17" ec="2" bec="0" bev="0" fileid="6" />
              </SequencePoints>
              <BranchPoints />
              <MethodPoint vc="0" uspid="0" p8:type="SequencePoint" ordinal="0" offset="0" sc="0" sl="14" ec="1" el="17" bec="0" bev="0" fileid="6" xmlns:p8="xsi" />
            </Method>
          </Methods>
        </Class>
        <Class>
          <Summary numSequencePoints="7" visitedSequencePoints="0" numBranchPoints="0" visitedBranchPoints="0" sequenceCoverage="0" branchCoverage="100" maxCyclomaticComplexity="1" minCyclomaticComplexity="1" visitedClasses="0" numClasses="1" visitedMethods="0" numMethods="4" />
          <FullName>GenHTTP.Api.Modules.Templating.PageModel</FullName>
          <Methods>
            <Method cyclomaticComplexity="1" nPathComplexity="0" sequenceCoverage="0" branchCoverage="100" isConstructor="False" isGetter="True" isSetter="False" isStatic="True">
              <Summary numSequencePoints="1" visitedSequencePoints="0" numBranchPoints="0" visitedBranchPoints="0" sequenceCoverage="0" branchCoverage="100" maxCyclomaticComplexity="1" minCyclomaticComplexity="1" visitedClasses="0" numClasses="0" visitedMethods="0" numMethods="1" />
              <MetadataToken />
              <Name>System.String GenHTTP.Api.Modules.Templating.PageModel::get_Title()</Name>
              <FileRef uid="7" />
              <SequencePoints>
                <SequencePoint vc="0" uspid="15" ordinal="0" sl="15" sc="1" el="15" ec="2" bec="0" bev="0" fileid="7" />
              </SequencePoints>
              <BranchPoints />
              <MethodPoint vc="0" uspid="0" p8:type="SequencePoint" ordinal="0" offset="0" sc="0" sl="15" ec="1" el="15" bec="0" bev="0" fileid="7" xmlns:p8="xsi" />
            </Method>
            <Method cyclomaticComplexity="1" nPathComplexity="0" sequenceCoverage="0" branchCoverage="100" isConstructor="False" isGetter="True" isSetter="False" isStatic="True">
              <Summary numSequencePoints="1" visitedSequencePoints="0" numBranchPoints="0" visitedBranchPoints="0" sequenceCoverage="0" branchCoverage="100" maxCyclomaticComplexity="1" minCyclomaticComplexity="1" visitedClasses="0" numClasses="0" visitedMethods="0" numMethods="1" />
              <MetadataToken />
              <Name>GenHTTP.Api.Protocol.IHttpRequest GenHTTP.Api.Modules.Templating.PageModel::get_Request()</Name>
              <FileRef uid="7" />
              <SequencePoints>
                <SequencePoint vc="0" uspid="17" ordinal="0" sl="17" sc="1" el="17" ec="2" bec="0" bev="0" fileid="7" />
              </SequencePoints>
              <BranchPoints />
              <MethodPoint vc="0" uspid="0" p8:type="SequencePoint" ordinal="1" offset="1" sc="0" sl="17" ec="1" el="17" bec="0" bev="0" fileid="7" xmlns:p8="xsi" />
            </Method>
            <Method cyclomaticComplexity="1" nPathComplexity="0" sequenceCoverage="0" branchCoverage="100" isConstructor="False" isGetter="True" isSetter="False" isStatic="True">
              <Summary numSequencePoints="1" visitedSequencePoints="0" numBranchPoints="0" visitedBranchPoints="0" sequenceCoverage="0" branchCoverage="100" maxCyclomaticComplexity="1" minCyclomaticComplexity="1" visitedClasses="0" numClasses="0" visitedMethods="0" numMethods="1" />
              <MetadataToken />
              <Name>GenHTTP.Api.Protocol.IHttpResponse GenHTTP.Api.Modules.Templating.PageModel::get_Response()</Name>
              <FileRef uid="7" />
              <SequencePoints>
                <SequencePoint vc="0" uspid="19" ordinal="0" sl="19" sc="1" el="19" ec="2" bec="0" bev="0" fileid="7" />
              </SequencePoints>
              <BranchPoints />
              <MethodPoint vc="0" uspid="0" p8:type="SequencePoint" ordinal="2" offset="2" sc="0" sl="19" ec="1" el="19" bec="0" bev="0" fileid="7" xmlns:p8="xsi" />
            </Method>
            <Method cyclomaticComplexity="1" nPathComplexity="0" sequenceCoverage="0" branchCoverage="100" isConstructor="True" isGetter="False" isSetter="False" isStatic="True">
              <Summary numSequencePoints="4" visitedSequencePoints="0" numBranchPoints="0" visitedBranchPoints="0" sequenceCoverage="0" branchCoverage="100" maxCyclomaticComplexity="1" minCyclomaticComplexity="1" visitedClasses="0" numClasses="0" visitedMethods="0" numMethods="1" />
              <MetadataToken />
              <Name>System.Void GenHTTP.Api.Modules.Templating.PageModel::.ctor(GenHTTP.Api.Protocol.IHttpRequest,GenHTTP.Api.Protocol.IHttpResponse)</Name>
              <FileRef uid="7" />
              <SequencePoints>
                <SequencePoint vc="0" uspid="25" ordinal="0" sl="25" sc="1" el="25" ec="2" bec="0" bev="0" fileid="7" />
                <SequencePoint vc="0" uspid="27" ordinal="1" sl="27" sc="1" el="27" ec="2" bec="0" bev="0" fileid="7" />
                <SequencePoint vc="0" uspid="28" ordinal="2" sl="28" sc="1" el="28" ec="2" bec="0" bev="0" fileid="7" />
                <SequencePoint vc="0" uspid="29" ordinal="3" sl="29" sc="1" el="29" ec="2" bec="0" bev="0" fileid="7" />
              </SequencePoints>
              <BranchPoints />
              <MethodPoint vc="0" uspid="0" p8:type="SequencePoint" ordinal="3" offset="3" sc="0" sl="25" ec="1" el="29" bec="0" bev="0" fileid="7" xmlns:p8="xsi" />
            </Method>
          </Methods>
        </Class>
        <Class>
          <Summary numSequencePoints="10" visitedSequencePoints="0" numBranchPoints="0" visitedBranchPoints="0" sequenceCoverage="0" branchCoverage="100" maxCyclomaticComplexity="1" minCyclomaticComplexity="1" visitedClasses="0" numClasses="1" visitedMethods="0" numMethods="5" />
          <FullName>GenHTTP.Api.Modules.Templating.TemplateModel</FullName>
          <Methods>
            <Method cyclomaticComplexity="1" nPathComplexity="0" sequenceCoverage="0" branchCoverage="100" isConstructor="False" isGetter="True" isSetter="False" isStatic="True">
              <Summary numSequencePoints="1" visitedSequencePoints="0" numBranchPoints="0" visitedBranchPoints="0" sequenceCoverage="0" branchCoverage="100" maxCyclomaticComplexity="1" minCyclomaticComplexity="1" visitedClasses="0" numClasses="0" visitedMethods="0" numMethods="1" />
              <MetadataToken />
              <Name>System.String GenHTTP.Api.Modules.Templating.TemplateModel::get_Title()</Name>
              <FileRef uid="8" />
              <SequencePoints>
                <SequencePoint vc="0" uspid="14" ordinal="0" sl="14" sc="1" el="14" ec="2" bec="0" bev="0" fileid="8" />
              </SequencePoints>
              <BranchPoints />
              <MethodPoint vc="0" uspid="0" p8:type="SequencePoint" ordinal="0" offset="0" sc="0" sl="14" ec="1" el="14" bec="0" bev="0" fileid="8" xmlns:p8="xsi" />
            </Method>
            <Method cyclomaticComplexity="1" nPathComplexity="0" sequenceCoverage="0" branchCoverage="100" isConstructor="False" isGetter="True" isSetter="False" isStatic="True">
              <Summary numSequencePoints="1" visitedSequencePoints="0" numBranchPoints="0" visitedBranchPoints="0" sequenceCoverage="0" branchCoverage="100" maxCyclomaticComplexity="1" minCyclomaticComplexity="1" visitedClasses="0" numClasses="0" visitedMethods="0" numMethods="1" />
              <MetadataToken />
              <Name>System.String GenHTTP.Api.Modules.Templating.TemplateModel::get_Content()</Name>
              <FileRef uid="8" />
              <SequencePoints>
                <SequencePoint vc="0" uspid="16" ordinal="0" sl="16" sc="1" el="16" ec="2" bec="0" bev="0" fileid="8" />
              </SequencePoints>
              <BranchPoints />
              <MethodPoint vc="0" uspid="0" p8:type="SequencePoint" ordinal="1" offset="1" sc="0" sl="16" ec="1" el="16" bec="0" bev="0" fileid="8" xmlns:p8="xsi" />
            </Method>
            <Method cyclomaticComplexity="1" nPathComplexity="0" sequenceCoverage="0" branchCoverage="100" isConstructor="False" isGetter="True" isSetter="False" isStatic="True">
              <Summary numSequencePoints="1" visitedSequencePoints="0" numBranchPoints="0" visitedBranchPoints="0" sequenceCoverage="0" branchCoverage="100" maxCyclomaticComplexity="1" minCyclomaticComplexity="1" visitedClasses="0" numClasses="0" visitedMethods="0" numMethods="1" />
              <MetadataToken />
              <Name>GenHTTP.Api.Protocol.IHttpRequest GenHTTP.Api.Modules.Templating.TemplateModel::get_Request()</Name>
              <FileRef uid="8" />
              <SequencePoints>
                <SequencePoint vc="0" uspid="18" ordinal="0" sl="18" sc="1" el="18" ec="2" bec="0" bev="0" fileid="8" />
              </SequencePoints>
              <BranchPoints />
              <MethodPoint vc="0" uspid="0" p8:type="SequencePoint" ordinal="2" offset="2" sc="0" sl="18" ec="1" el="18" bec="0" bev="0" fileid="8" xmlns:p8="xsi" />
            </Method>
            <Method cyclomaticComplexity="1" nPathComplexity="0" sequenceCoverage="0" branchCoverage="100" isConstructor="False" isGetter="True" isSetter="False" isStatic="True">
              <Summary numSequencePoints="1" visitedSequencePoints="0" numBranchPoints="0" visitedBranchPoints="0" sequenceCoverage="0" branchCoverage="100" maxCyclomaticComplexity="1" minCyclomaticComplexity="1" visitedClasses="0" numClasses="0" visitedMethods="0" numMethods="1" />
              <MetadataToken />
              <Name>GenHTTP.Api.Protocol.IHttpResponse GenHTTP.Api.Modules.Templating.TemplateModel::get_Response()</Name>
              <FileRef uid="8" />
              <SequencePoints>
                <SequencePoint vc="0" uspid="20" ordinal="0" sl="20" sc="1" el="20" ec="2" bec="0" bev="0" fileid="8" />
              </SequencePoints>
              <BranchPoints />
              <MethodPoint vc="0" uspid="0" p8:type="SequencePoint" ordinal="3" offset="3" sc="0" sl="20" ec="1" el="20" bec="0" bev="0" fileid="8" xmlns:p8="xsi" />
            </Method>
            <Method cyclomaticComplexity="1" nPathComplexity="0" sequenceCoverage="0" branchCoverage="100" isConstructor="True" isGetter="False" isSetter="False" isStatic="True">
              <Summary numSequencePoints="6" visitedSequencePoints="0" numBranchPoints="0" visitedBranchPoints="0" sequenceCoverage="0" branchCoverage="100" maxCyclomaticComplexity="1" minCyclomaticComplexity="1" visitedClasses="0" numClasses="0" visitedMethods="0" numMethods="1" />
              <MetadataToken />
              <Name>System.Void GenHTTP.Api.Modules.Templating.TemplateModel::.ctor(GenHTTP.Api.Protocol.IHttpRequest,GenHTTP.Api.Protocol.IHttpResponse,System.String,System.String)</Name>
              <FileRef uid="8" />
              <SequencePoints>
                <SequencePoint vc="0" uspid="26" ordinal="0" sl="26" sc="1" el="26" ec="2" bec="0" bev="0" fileid="8" />
                <SequencePoint vc="0" uspid="28" ordinal="1" sl="28" sc="1" el="28" ec="2" bec="0" bev="0" fileid="8" />
                <SequencePoint vc="0" uspid="29" ordinal="2" sl="29" sc="1" el="29" ec="2" bec="0" bev="0" fileid="8" />
                <SequencePoint vc="0" uspid="31" ordinal="3" sl="31" sc="1" el="31" ec="2" bec="0" bev="0" fileid="8" />
                <SequencePoint vc="0" uspid="32" ordinal="4" sl="32" sc="1" el="32" ec="2" bec="0" bev="0" fileid="8" />
                <SequencePoint vc="0" uspid="33" ordinal="5" sl="33" sc="1" el="33" ec="2" bec="0" bev="0" fileid="8" />
              </SequencePoints>
              <BranchPoints />
              <MethodPoint vc="0" uspid="0" p8:type="SequencePoint" ordinal="4" offset="4" sc="0" sl="26" ec="1" el="33" bec="0" bev="0" fileid="8" xmlns:p8="xsi" />
            </Method>
          </Methods>
        </Class>
        <Class>
          <Summary numSequencePoints="2" visitedSequencePoints="0" numBranchPoints="0" visitedBranchPoints="0" sequenceCoverage="0" branchCoverage="100" maxCyclomaticComplexity="1" minCyclomaticComplexity="1" visitedClasses="0" numClasses="1" visitedMethods="0" numMethods="1" />
          <FullName>GenHTTP.Api.Infrastructure.BuilderMissingPropertyException</FullName>
          <Methods>
            <Method cyclomaticComplexity="1" nPathComplexity="0" sequenceCoverage="0" branchCoverage="100" isConstructor="True" isGetter="False" isSetter="False" isStatic="True">
              <Summary numSequencePoints="2" visitedSequencePoints="0" numBranchPoints="0" visitedBranchPoints="0" sequenceCoverage="0" branchCoverage="100" maxCyclomaticComplexity="1" minCyclomaticComplexity="1" visitedClasses="0" numClasses="0" visitedMethods="0" numMethods="1" />
              <MetadataToken />
              <Name>System.Void GenHTTP.Api.Infrastructure.BuilderMissingPropertyException::.ctor(System.String)</Name>
              <FileRef uid="9" />
              <SequencePoints>
                <SequencePoint vc="0" uspid="11" ordinal="0" sl="11" sc="1" el="11" ec="2" bec="0" bev="0" fileid="9" />
                <SequencePoint vc="0" uspid="14" ordinal="1" sl="14" sc="1" el="14" ec="2" bec="0" bev="0" fileid="9" />
              </SequencePoints>
              <BranchPoints />
              <MethodPoint vc="0" uspid="0" p8:type="SequencePoint" ordinal="0" offset="0" sc="0" sl="11" ec="1" el="14" bec="0" bev="0" fileid="9" xmlns:p8="xsi" />
            </Method>
          </Methods>
        </Class>
      </Classes>
    </Module>
    <Module hash="0C661659-3BB6-48F9-83F3-FACFAB0A287E">
      <ModulePath>GenHTTP.Modules.Core.dll</ModulePath>
      <ModuleTime>2019-03-30T05:26:53</ModuleTime>
      <ModuleName>GenHTTP.Modules.Core</ModuleName>
      <Files>
        <File uid="10" fullPath="C:\Users\andrn\source\repos\Kaliumhexacyanoferrat\GenHTTP\Modules\GenHTTP.Modules.Core\Content.cs" />
        <File uid="11" fullPath="C:\Users\andrn\source\repos\Kaliumhexacyanoferrat\GenHTTP\Modules\GenHTTP.Modules.Core\CoreExtensions.cs" />
        <File uid="12" fullPath="C:\Users\andrn\source\repos\Kaliumhexacyanoferrat\GenHTTP\Modules\GenHTTP.Modules.Core\Data.cs" />
        <File uid="13" fullPath="C:\Users\andrn\source\repos\Kaliumhexacyanoferrat\GenHTTP\Modules\GenHTTP.Modules.Core\Download.cs" />
        <File uid="14" fullPath="C:\Users\andrn\source\repos\Kaliumhexacyanoferrat\GenHTTP\Modules\GenHTTP.Modules.Core\Layout.cs" />
        <File uid="15" fullPath="C:\Users\andrn\source\repos\Kaliumhexacyanoferrat\GenHTTP\Modules\GenHTTP.Modules.Core\Page.cs" />
        <File uid="16" fullPath="C:\Users\andrn\source\repos\Kaliumhexacyanoferrat\GenHTTP\Modules\GenHTTP.Modules.Core\Placeholders.cs" />
        <File uid="17" fullPath="C:\Users\andrn\source\repos\Kaliumhexacyanoferrat\GenHTTP\Modules\GenHTTP.Modules.Core\Static.cs" />
        <File uid="18" fullPath="C:\Users\andrn\source\repos\Kaliumhexacyanoferrat\GenHTTP\Modules\GenHTTP.Modules.Core\Templating\ImplicitModelProvider.cs" />
        <File uid="19" fullPath="C:\Users\andrn\source\repos\Kaliumhexacyanoferrat\GenHTTP\Modules\GenHTTP.Modules.Core\Templating\PlaceholderPageBuilder.cs" />
        <File uid="20" fullPath="C:\Users\andrn\source\repos\Kaliumhexacyanoferrat\GenHTTP\Modules\GenHTTP.Modules.Core\Templating\PlaceholderPageProvider.cs" />
        <File uid="21" fullPath="C:\Users\andrn\source\repos\Kaliumhexacyanoferrat\GenHTTP\Modules\GenHTTP.Modules.Core\Templating\PlaceholderRender.cs" />
        <File uid="22" fullPath="C:\Users\andrn\source\repos\Kaliumhexacyanoferrat\GenHTTP\Modules\GenHTTP.Modules.Core\Templating\PlaceholderRendererBuilder.cs" />
        <File uid="23" fullPath="C:\Users\andrn\source\repos\Kaliumhexacyanoferrat\GenHTTP\Modules\GenHTTP.Modules.Core\Templating\TemplatingExtensions.cs" />
        <File uid="24" fullPath="C:\Users\andrn\source\repos\Kaliumhexacyanoferrat\GenHTTP\Modules\GenHTTP.Modules.Core\StaticContent\EmbeddedResourcesProvider.cs" />
        <File uid="25" fullPath="C:\Users\andrn\source\repos\Kaliumhexacyanoferrat\GenHTTP\Modules\GenHTTP.Modules.Core\StaticContent\EmbeddedResourcesProviderBuilder.cs" />
        <File uid="26" fullPath="C:\Users\andrn\source\repos\Kaliumhexacyanoferrat\GenHTTP\Modules\GenHTTP.Modules.Core\StaticContent\FileResourcesProvider.cs" />
        <File uid="27" fullPath="C:\Users\andrn\source\repos\Kaliumhexacyanoferrat\GenHTTP\Modules\GenHTTP.Modules.Core\StaticContent\FileResourcesProviderBuilder.cs" />
        <File uid="28" fullPath="C:\Users\andrn\source\repos\Kaliumhexacyanoferrat\GenHTTP\Modules\GenHTTP.Modules.Core\Resource\FileDataProvider.cs" />
        <File uid="29" fullPath="C:\Users\andrn\source\repos\Kaliumhexacyanoferrat\GenHTTP\Modules\GenHTTP.Modules.Core\Resource\FileDataProviderBuilder.cs" />
        <File uid="30" fullPath="C:\Users\andrn\source\repos\Kaliumhexacyanoferrat\GenHTTP\Modules\GenHTTP.Modules.Core\Resource\ResourceDataProvider.cs" />
        <File uid="31" fullPath="C:\Users\andrn\source\repos\Kaliumhexacyanoferrat\GenHTTP\Modules\GenHTTP.Modules.Core\Resource\ResourceDataProviderBuilder.cs" />
        <File uid="32" fullPath="C:\Users\andrn\source\repos\Kaliumhexacyanoferrat\GenHTTP\Modules\GenHTTP.Modules.Core\Layouting\LayoutBuilder.cs" />
        <File uid="33" fullPath="C:\Users\andrn\source\repos\Kaliumhexacyanoferrat\GenHTTP\Modules\GenHTTP.Modules.Core\Layouting\LayoutRouter.cs" />
        <File uid="34" fullPath="C:\Users\andrn\source\repos\Kaliumhexacyanoferrat\GenHTTP\Modules\GenHTTP.Modules.Core\General\DownloadProvider.cs" />
        <File uid="35" fullPath="C:\Users\andrn\source\repos\Kaliumhexacyanoferrat\GenHTTP\Modules\GenHTTP.Modules.Core\General\DownloadProviderBuilder.cs" />
        <File uid="36" fullPath="C:\Users\andrn\source\repos\Kaliumhexacyanoferrat\GenHTTP\Modules\GenHTTP.Modules.Core\General\PageProvider.cs" />
        <File uid="37" fullPath="C:\Users\andrn\source\repos\Kaliumhexacyanoferrat\GenHTTP\Modules\GenHTTP.Modules.Core\General\PageProviderBuilder.cs" />
        <File uid="38" fullPath="C:\Users\andrn\source\repos\Kaliumhexacyanoferrat\GenHTTP\Modules\GenHTTP.Modules.Core\General\StringProvider.cs" />
        <File uid="39" fullPath="C:\Users\andrn\source\repos\Kaliumhexacyanoferrat\GenHTTP\Modules\GenHTTP.Modules.Core\General\StringProviderBuilder.cs" />
      </Files>
      <Classes>
        <Class>
          <Summary numSequencePoints="1" visitedSequencePoints="0" numBranchPoints="0" visitedBranchPoints="0" sequenceCoverage="0" branchCoverage="100" maxCyclomaticComplexity="1" minCyclomaticComplexity="1" visitedClasses="0" numClasses="1" visitedMethods="0" numMethods="1" />
          <FullName>GenHTTP.Modules.Core.Content</FullName>
          <Methods>
            <Method cyclomaticComplexity="1" nPathComplexity="0" sequenceCoverage="0" branchCoverage="100" isConstructor="False" isGetter="False" isSetter="False" isStatic="True">
              <Summary numSequencePoints="1" visitedSequencePoints="0" numBranchPoints="0" visitedBranchPoints="0" sequenceCoverage="0" branchCoverage="100" maxCyclomaticComplexity="1" minCyclomaticComplexity="1" visitedClasses="0" numClasses="0" visitedMethods="0" numMethods="1" />
              <MetadataToken />
              <Name>GenHTTP.Modules.Core.General.StringProviderBuilder GenHTTP.Modules.Core.Content::From(System.String)</Name>
              <FileRef uid="10" />
              <SequencePoints>
                <SequencePoint vc="0" uspid="17" ordinal="0" sl="17" sc="1" el="17" ec="2" bec="0" bev="0" fileid="10" />
              </SequencePoints>
              <BranchPoints />
              <MethodPoint vc="0" uspid="0" p8:type="SequencePoint" ordinal="0" offset="0" sc="0" sl="17" ec="1" el="17" bec="0" bev="0" fileid="10" xmlns:p8="xsi" />
            </Method>
          </Methods>
        </Class>
        <Class>
          <Summary numSequencePoints="26" visitedSequencePoints="0" numBranchPoints="188" visitedBranchPoints="0" sequenceCoverage="0" branchCoverage="0" maxCyclomaticComplexity="188" minCyclomaticComplexity="188" visitedClasses="0" numClasses="1" visitedMethods="0" numMethods="1" />
          <FullName>GenHTTP.Modules.Core.CoreExtensions</FullName>
          <Methods>
            <Method cyclomaticComplexity="188" nPathComplexity="0" sequenceCoverage="0" branchCoverage="0" isConstructor="False" isGetter="False" isSetter="False" isStatic="True">
              <Summary numSequencePoints="26" visitedSequencePoints="0" numBranchPoints="188" visitedBranchPoints="0" sequenceCoverage="0" branchCoverage="0" maxCyclomaticComplexity="188" minCyclomaticComplexity="188" visitedClasses="0" numClasses="0" visitedMethods="0" numMethods="1" />
              <MetadataToken />
              <Name>GenHTTP.Api.Protocol.ContentType GenHTTP.Modules.Core.CoreExtensions::GuessContentType(System.String)</Name>
              <FileRef uid="11" />
              <SequencePoints>
                <SequencePoint vc="0" uspid="16" ordinal="0" sl="16" sc="1" el="16" ec="2" bec="0" bev="0" fileid="11" />
                <SequencePoint vc="0" uspid="18" ordinal="1" sl="18" sc="1" el="18" ec="2" bec="0" bev="0" fileid="11" />
                <SequencePoint vc="0" uspid="20" ordinal="2" sl="20" sc="1" el="20" ec="2" bec="0" bev="0" fileid="11" />
                <SequencePoint vc="0" uspid="22" ordinal="3" sl="22" sc="1" el="22" ec="2" bec="0" bev="0" fileid="11" />
                <SequencePoint vc="0" uspid="25" ordinal="4" sl="25" sc="1" el="25" ec="2" bec="0" bev="0" fileid="11" />
                <SequencePoint vc="0" uspid="28" ordinal="5" sl="28" sc="1" el="28" ec="2" bec="0" bev="0" fileid="11" />
                <SequencePoint vc="0" uspid="29" ordinal="6" sl="29" sc="1" el="29" ec="2" bec="0" bev="0" fileid="11" />
                <SequencePoint vc="0" uspid="44" ordinal="7" sl="44" sc="1" el="44" ec="2" bec="0" bev="0" fileid="11" />
                <SequencePoint vc="0" uspid="46" ordinal="8" sl="46" sc="1" el="46" ec="2" bec="0" bev="0" fileid="11" />
                <SequencePoint vc="0" uspid="48" ordinal="9" sl="48" sc="1" el="48" ec="2" bec="0" bev="0" fileid="11" />
                <SequencePoint vc="0" uspid="51" ordinal="10" sl="51" sc="1" el="51" ec="2" bec="0" bev="0" fileid="11" />
                <SequencePoint vc="0" uspid="53" ordinal="11" sl="53" sc="1" el="53" ec="2" bec="0" bev="0" fileid="11" />
                <SequencePoint vc="0" uspid="55" ordinal="12" sl="55" sc="1" el="55" ec="2" bec="0" bev="0" fileid="11" />
                <SequencePoint vc="0" uspid="57" ordinal="13" sl="57" sc="1" el="57" ec="2" bec="0" bev="0" fileid="11" />
                <SequencePoint vc="0" uspid="59" ordinal="14" sl="59" sc="1" el="59" ec="2" bec="0" bev="0" fileid="11" />
                <SequencePoint vc="0" uspid="61" ordinal="15" sl="61" sc="1" el="61" ec="2" bec="0" bev="0" fileid="11" />
                <SequencePoint vc="0" uspid="63" ordinal="16" sl="63" sc="1" el="63" ec="2" bec="0" bev="0" fileid="11" />
                <SequencePoint vc="0" uspid="65" ordinal="17" sl="65" sc="1" el="65" ec="2" bec="0" bev="0" fileid="11" />
                <SequencePoint vc="0" uspid="67" ordinal="18" sl="67" sc="1" el="67" ec="2" bec="0" bev="0" fileid="11" />
                <SequencePoint vc="0" uspid="69" ordinal="19" sl="69" sc="1" el="69" ec="2" bec="0" bev="0" fileid="11" />
                <SequencePoint vc="0" uspid="73" ordinal="20" sl="73" sc="1" el="73" ec="2" bec="0" bev="0" fileid="11" />
                <SequencePoint vc="0" uspid="75" ordinal="21" sl="75" sc="1" el="75" ec="2" bec="0" bev="0" fileid="11" />
                <SequencePoint vc="0" uspid="77" ordinal="22" sl="77" sc="1" el="77" ec="2" bec="0" bev="0" fileid="11" />
                <SequencePoint vc="0" uspid="79" ordinal="23" sl="79" sc="1" el="79" ec="2" bec="0" bev="0" fileid="11" />
                <SequencePoint vc="0" uspid="81" ordinal="24" sl="81" sc="1" el="81" ec="2" bec="0" bev="0" fileid="11" />
                <SequencePoint vc="0" uspid="86" ordinal="25" sl="86" sc="1" el="86" ec="2" bec="0" bev="0" fileid="11" />
              </SequencePoints>
              <BranchPoints>
                <BranchPoint vc="0" uspid="18" ordinal="0" path="0" offset="8" offsetend="13" sl="18" fileid="11" />
                <BranchPoint vc="0" uspid="18" ordinal="2" path="0" offset="20" offsetend="25" sl="18" fileid="11" />
                <BranchPoint vc="0" uspid="22" ordinal="4" path="0" offset="41" offsetend="46" sl="22" fileid="11" />
                <BranchPoint vc="0" uspid="22" ordinal="6" path="0" offset="59" offsetend="64" sl="22" fileid="11" />
                <BranchPoint vc="0" uspid="22" ordinal="8" path="0" offset="70" offsetend="75" sl="22" fileid="11" />
                <BranchPoint vc="0" uspid="22" ordinal="10" path="0" offset="81" offsetend="83" sl="22" fileid="11" />
                <BranchPoint vc="0" uspid="22" ordinal="12" path="0" offset="89" offsetend="91" sl="22" fileid="11" />
                <BranchPoint vc="0" uspid="22" ordinal="14" path="0" offset="97" offsetend="102" sl="22" fileid="11" />
                <BranchPoint vc="0" uspid="22" ordinal="13" path="1" offset="89" offsetend="118" sl="22" fileid="11" />
                <BranchPoint vc="0" uspid="22" ordinal="18" path="0" offset="124" offsetend="129" sl="22" fileid="11" />
                <BranchPoint vc="0" uspid="22" ordinal="11" path="1" offset="81" offsetend="145" sl="22" fileid="11" />
                <BranchPoint vc="0" uspid="22" ordinal="22" path="0" offset="151" offsetend="153" sl="22" fileid="11" />
                <BranchPoint vc="0" uspid="22" ordinal="24" path="0" offset="159" offsetend="164" sl="22" fileid="11" />
                <BranchPoint vc="0" uspid="22" ordinal="23" path="1" offset="151" offsetend="180" sl="22" fileid="11" />
                <BranchPoint vc="0" uspid="22" ordinal="28" path="0" offset="186" offsetend="191" sl="22" fileid="11" />
                <BranchPoint vc="0" uspid="22" ordinal="30" path="0" offset="197" offsetend="202" sl="22" fileid="11" />
                <BranchPoint vc="0" uspid="22" ordinal="9" path="1" offset="70" offsetend="218" sl="22" fileid="11" />
                <BranchPoint vc="0" uspid="22" ordinal="34" path="0" offset="224" offsetend="226" sl="22" fileid="11" />
                <BranchPoint vc="0" uspid="22" ordinal="36" path="0" offset="232" offsetend="234" sl="22" fileid="11" />
                <BranchPoint vc="0" uspid="22" ordinal="38" path="0" offset="240" offsetend="245" sl="22" fileid="11" />
                <BranchPoint vc="0" uspid="22" ordinal="37" path="1" offset="232" offsetend="261" sl="22" fileid="11" />
                <BranchPoint vc="0" uspid="22" ordinal="42" path="0" offset="267" offsetend="272" sl="22" fileid="11" />
                <BranchPoint vc="0" uspid="22" ordinal="44" path="0" offset="278" offsetend="283" sl="22" fileid="11" />
                <BranchPoint vc="0" uspid="22" ordinal="35" path="1" offset="224" offsetend="299" sl="22" fileid="11" />
                <BranchPoint vc="0" uspid="22" ordinal="48" path="0" offset="305" offsetend="307" sl="22" fileid="11" />
                <BranchPoint vc="0" uspid="22" ordinal="50" path="0" offset="313" offsetend="318" sl="22" fileid="11" />
                <BranchPoint vc="0" uspid="22" ordinal="49" path="1" offset="305" offsetend="334" sl="22" fileid="11" />
                <BranchPoint vc="0" uspid="22" ordinal="54" path="0" offset="340" offsetend="345" sl="22" fileid="11" />
                <BranchPoint vc="0" uspid="22" ordinal="56" path="0" offset="351" offsetend="356" sl="22" fileid="11" />
                <BranchPoint vc="0" uspid="22" ordinal="7" path="1" offset="59" offsetend="372" sl="22" fileid="11" />
                <BranchPoint vc="0" uspid="22" ordinal="60" path="0" offset="378" offsetend="383" sl="22" fileid="11" />
                <BranchPoint vc="0" uspid="22" ordinal="62" path="0" offset="389" offsetend="391" sl="22" fileid="11" />
                <BranchPoint vc="0" uspid="22" ordinal="64" path="0" offset="397" offsetend="399" sl="22" fileid="11" />
                <BranchPoint vc="0" uspid="22" ordinal="66" path="0" offset="405" offsetend="410" sl="22" fileid="11" />
                <BranchPoint vc="0" uspid="22" ordinal="65" path="1" offset="397" offsetend="426" sl="22" fileid="11" />
                <BranchPoint vc="0" uspid="22" ordinal="70" path="0" offset="432" offsetend="437" sl="22" fileid="11" />
                <BranchPoint vc="0" uspid="22" ordinal="63" path="1" offset="389" offsetend="453" sl="22" fileid="11" />
                <BranchPoint vc="0" uspid="22" ordinal="74" path="0" offset="459" offsetend="461" sl="22" fileid="11" />
                <BranchPoint vc="0" uspid="22" ordinal="76" path="0" offset="467" offsetend="472" sl="22" fileid="11" />
                <BranchPoint vc="0" uspid="22" ordinal="75" path="1" offset="459" offsetend="488" sl="22" fileid="11" />
                <BranchPoint vc="0" uspid="22" ordinal="80" path="0" offset="494" offsetend="499" sl="22" fileid="11" />
                <BranchPoint vc="0" uspid="22" ordinal="82" path="0" offset="505" offsetend="510" sl="22" fileid="11" />
                <BranchPoint vc="0" uspid="22" ordinal="61" path="1" offset="378" offsetend="526" sl="22" fileid="11" />
                <BranchPoint vc="0" uspid="22" ordinal="86" path="0" offset="532" offsetend="534" sl="22" fileid="11" />
                <BranchPoint vc="0" uspid="22" ordinal="88" path="0" offset="540" offsetend="542" sl="22" fileid="11" />
                <BranchPoint vc="0" uspid="22" ordinal="90" path="0" offset="548" offsetend="553" sl="22" fileid="11" />
                <BranchPoint vc="0" uspid="22" ordinal="89" path="1" offset="540" offsetend="569" sl="22" fileid="11" />
                <BranchPoint vc="0" uspid="22" ordinal="94" path="0" offset="575" offsetend="580" sl="22" fileid="11" />
                <BranchPoint vc="0" uspid="22" ordinal="96" path="0" offset="586" offsetend="591" sl="22" fileid="11" />
                <BranchPoint vc="0" uspid="22" ordinal="87" path="1" offset="532" offsetend="607" sl="22" fileid="11" />
                <BranchPoint vc="0" uspid="22" ordinal="100" path="0" offset="613" offsetend="615" sl="22" fileid="11" />
                <BranchPoint vc="0" uspid="22" ordinal="102" path="0" offset="621" offsetend="626" sl="22" fileid="11" />
                <BranchPoint vc="0" uspid="22" ordinal="101" path="1" offset="613" offsetend="639" sl="22" fileid="11" />
                <BranchPoint vc="0" uspid="22" ordinal="106" path="0" offset="645" offsetend="650" sl="22" fileid="11" />
                <BranchPoint vc="0" uspid="22" ordinal="108" path="0" offset="656" offsetend="661" sl="22" fileid="11" />
                <BranchPoint vc="0" uspid="22" ordinal="105" path="1" offset="632" offsetend="677" sl="22" fileid="11" />
                <BranchPoint vc="0" uspid="22" ordinal="85" path="1" offset="516" offsetend="698" sl="22" fileid="11" />
                <BranchPoint vc="0" uspid="22" ordinal="15" path="1" offset="97" offsetend="719" sl="22" fileid="11" />
                <BranchPoint vc="0" uspid="22" ordinal="55" path="1" offset="340" offsetend="740" sl="22" fileid="11" />
                <BranchPoint vc="0" uspid="22" ordinal="79" path="1" offset="478" offsetend="761" sl="22" fileid="11" />
                <BranchPoint vc="0" uspid="22" ordinal="71" path="1" offset="432" offsetend="782" sl="22" fileid="11" />
                <BranchPoint vc="0" uspid="22" ordinal="31" path="1" offset="197" offsetend="803" sl="22" fileid="11" />
                <BranchPoint vc="0" uspid="22" ordinal="33" path="1" offset="208" offsetend="824" sl="22" fileid="11" />
                <BranchPoint vc="0" uspid="22" ordinal="39" path="1" offset="240" offsetend="845" sl="22" fileid="11" />
                <BranchPoint vc="0" uspid="22" ordinal="97" path="1" offset="586" offsetend="866" sl="22" fileid="11" />
                <BranchPoint vc="0" uspid="22" ordinal="99" path="1" offset="597" offsetend="887" sl="22" fileid="11" />
                <BranchPoint vc="0" uspid="22" ordinal="111" path="1" offset="667" offsetend="908" sl="22" fileid="11" />
                <BranchPoint vc="0" uspid="22" ordinal="27" path="1" offset="170" offsetend="929" sl="22" fileid="11" />
                <BranchPoint vc="0" uspid="22" ordinal="53" path="1" offset="324" offsetend="950" sl="22" fileid="11" />
                <BranchPoint vc="0" uspid="22" ordinal="107" path="1" offset="645" offsetend="971" sl="22" fileid="11" />
                <BranchPoint vc="0" uspid="22" ordinal="95" path="1" offset="575" offsetend="992" sl="22" fileid="11" />
                <BranchPoint vc="0" uspid="22" ordinal="67" path="1" offset="405" offsetend="1013" sl="22" fileid="11" />
                <BranchPoint vc="0" uspid="22" ordinal="69" path="1" offset="416" offsetend="1034" sl="22" fileid="11" />
                <BranchPoint vc="0" uspid="22" ordinal="41" path="1" offset="251" offsetend="1055" sl="22" fileid="11" />
                <BranchPoint vc="0" uspid="22" ordinal="45" path="1" offset="278" offsetend="1076" sl="22" fileid="11" />
                <BranchPoint vc="0" uspid="22" ordinal="81" path="1" offset="494" offsetend="1097" sl="22" fileid="11" />
                <BranchPoint vc="0" uspid="22" ordinal="93" path="1" offset="559" offsetend="1118" sl="22" fileid="11" />
                <BranchPoint vc="0" uspid="22" ordinal="47" path="1" offset="289" offsetend="1139" sl="22" fileid="11" />
                <BranchPoint vc="0" uspid="22" ordinal="51" path="1" offset="313" offsetend="1160" sl="22" fileid="11" />
                <BranchPoint vc="0" uspid="22" ordinal="83" path="1" offset="505" offsetend="1181" sl="22" fileid="11" />
                <BranchPoint vc="0" uspid="22" ordinal="59" path="1" offset="362" offsetend="1202" sl="22" fileid="11" />
                <BranchPoint vc="0" uspid="22" ordinal="17" path="1" offset="108" offsetend="1223" sl="22" fileid="11" />
                <BranchPoint vc="0" uspid="22" ordinal="43" path="1" offset="267" offsetend="1244" sl="22" fileid="11" />
                <BranchPoint vc="0" uspid="22" ordinal="109" path="1" offset="656" offsetend="1265" sl="22" fileid="11" />
                <BranchPoint vc="0" uspid="22" ordinal="29" path="1" offset="186" offsetend="1286" sl="22" fileid="11" />
                <BranchPoint vc="0" uspid="22" ordinal="91" path="1" offset="548" offsetend="1307" sl="22" fileid="11" />
                <BranchPoint vc="0" uspid="22" ordinal="103" path="1" offset="621" offsetend="1328" sl="22" fileid="11" />
                <BranchPoint vc="0" uspid="22" ordinal="57" path="1" offset="351" offsetend="1349" sl="22" fileid="11" />
                <BranchPoint vc="0" uspid="22" ordinal="21" path="1" offset="135" offsetend="1367" sl="22" fileid="11" />
                <BranchPoint vc="0" uspid="22" ordinal="25" path="1" offset="159" offsetend="1382" sl="22" fileid="11" />
                <BranchPoint vc="0" uspid="22" ordinal="77" path="1" offset="467" offsetend="1397" sl="22" fileid="11" />
                <BranchPoint vc="0" uspid="22" ordinal="73" path="1" offset="443" offsetend="1412" sl="22" fileid="11" />
                <BranchPoint vc="0" uspid="22" ordinal="19" path="1" offset="124" offsetend="1427" sl="22" fileid="11" />
                <BranchPoint vc="0" uspid="22" ordinal="113" path="1" offset="688" offsetend="1442" sl="22" fileid="11" />
                <BranchPoint vc="0" uspid="22" ordinal="115" path="1" offset="709" offsetend="1444" sl="22" fileid="11" />
                <BranchPoint vc="0" uspid="22" ordinal="117" path="1" offset="730" offsetend="1444" sl="22" fileid="11" />
                <BranchPoint vc="0" uspid="22" ordinal="119" path="1" offset="751" offsetend="1446" sl="22" fileid="11" />
                <BranchPoint vc="0" uspid="22" ordinal="121" path="1" offset="772" offsetend="1449" sl="22" fileid="11" />
                <BranchPoint vc="0" uspid="22" ordinal="123" path="1" offset="793" offsetend="1449" sl="22" fileid="11" />
                <BranchPoint vc="0" uspid="22" ordinal="125" path="1" offset="814" offsetend="1449" sl="22" fileid="11" />
                <BranchPoint vc="0" uspid="22" ordinal="127" path="1" offset="835" offsetend="1449" sl="22" fileid="11" />
                <BranchPoint vc="0" uspid="22" ordinal="129" path="1" offset="856" offsetend="1449" sl="22" fileid="11" />
                <BranchPoint vc="0" uspid="22" ordinal="131" path="1" offset="877" offsetend="1449" sl="22" fileid="11" />
                <BranchPoint vc="0" uspid="22" ordinal="133" path="1" offset="898" offsetend="1449" sl="22" fileid="11" />
                <BranchPoint vc="0" uspid="22" ordinal="135" path="1" offset="919" offsetend="1449" sl="22" fileid="11" />
                <BranchPoint vc="0" uspid="22" ordinal="137" path="1" offset="940" offsetend="1449" sl="22" fileid="11" />
                <BranchPoint vc="0" uspid="22" ordinal="139" path="1" offset="961" offsetend="1449" sl="22" fileid="11" />
                <BranchPoint vc="0" uspid="22" ordinal="141" path="1" offset="982" offsetend="1449" sl="22" fileid="11" />
                <BranchPoint vc="0" uspid="22" ordinal="143" path="1" offset="1003" offsetend="1449" sl="22" fileid="11" />
                <BranchPoint vc="0" uspid="22" ordinal="145" path="1" offset="1024" offsetend="1449" sl="22" fileid="11" />
                <BranchPoint vc="0" uspid="22" ordinal="147" path="1" offset="1045" offsetend="1449" sl="22" fileid="11" />
                <BranchPoint vc="0" uspid="22" ordinal="149" path="1" offset="1066" offsetend="1452" sl="22" fileid="11" />
                <BranchPoint vc="0" uspid="22" ordinal="151" path="1" offset="1087" offsetend="1454" sl="22" fileid="11" />
                <BranchPoint vc="0" uspid="22" ordinal="153" path="1" offset="1108" offsetend="1456" sl="22" fileid="11" />
                <BranchPoint vc="0" uspid="22" ordinal="155" path="1" offset="1129" offsetend="1456" sl="22" fileid="11" />
                <BranchPoint vc="0" uspid="22" ordinal="157" path="1" offset="1150" offsetend="1458" sl="22" fileid="11" />
                <BranchPoint vc="0" uspid="22" ordinal="159" path="1" offset="1171" offsetend="1460" sl="22" fileid="11" />
                <BranchPoint vc="0" uspid="22" ordinal="161" path="1" offset="1192" offsetend="1462" sl="22" fileid="11" />
                <BranchPoint vc="0" uspid="22" ordinal="163" path="1" offset="1213" offsetend="1465" sl="22" fileid="11" />
                <BranchPoint vc="0" uspid="22" ordinal="165" path="1" offset="1234" offsetend="1468" sl="22" fileid="11" />
                <BranchPoint vc="0" uspid="22" ordinal="167" path="1" offset="1255" offsetend="1471" sl="22" fileid="11" />
                <BranchPoint vc="0" uspid="22" ordinal="169" path="1" offset="1276" offsetend="1474" sl="22" fileid="11" />
[...]
                <BranchPoint vc="0" uspid="49" ordinal="2" path="0" offset="56" offsetend="58" sl="49" fileid="42" />
                <BranchPoint vc="0" uspid="49" ordinal="1" path="1" offset="46" offsetend="64" sl="49" fileid="42" />
                <BranchPoint vc="0" uspid="49" ordinal="3" path="1" offset="56" offsetend="64" sl="49" fileid="42" />
              </BranchPoints>
              <MethodPoint vc="0" uspid="0" p8:type="SequencePoint" ordinal="3" offset="3" sc="0" sl="43" ec="1" el="52" bec="0" bev="0" fileid="42" xmlns:p8="xsi" />
            </Method>
            <Method cyclomaticComplexity="1" nPathComplexity="0" sequenceCoverage="0" branchCoverage="100" isConstructor="True" isGetter="False" isSetter="False" isStatic="True">
              <Summary numSequencePoints="5" visitedSequencePoints="0" numBranchPoints="0" visitedBranchPoints="0" sequenceCoverage="0" branchCoverage="100" maxCyclomaticComplexity="1" minCyclomaticComplexity="1" visitedClasses="0" numClasses="0" visitedMethods="0" numMethods="1" />
              <MetadataToken />
              <Name>System.Void GenHTTP.Modules.Scriban.ScribanPageProvider`1::.ctor(GenHTTP.Api.Modules.IResourceProvider,GenHTTP.Api.Modules.Templating.IPageProvider`1&lt;T&gt;,System.String)</Name>
              <FileRef uid="42" />
              <SequencePoints>
                <SequencePoint vc="0" uspid="30" ordinal="0" sl="30" sc="1" el="30" ec="2" bec="0" bev="0" fileid="42" />
                <SequencePoint vc="0" uspid="32" ordinal="1" sl="32" sc="1" el="32" ec="2" bec="0" bev="0" fileid="42" />
                <SequencePoint vc="0" uspid="33" ordinal="2" sl="33" sc="1" el="33" ec="2" bec="0" bev="0" fileid="42" />
                <SequencePoint vc="0" uspid="34" ordinal="3" sl="34" sc="1" el="34" ec="2" bec="0" bev="0" fileid="42" />
                <SequencePoint vc="0" uspid="35" ordinal="4" sl="35" sc="1" el="35" ec="2" bec="0" bev="0" fileid="42" />
              </SequencePoints>
              <BranchPoints />
              <MethodPoint vc="0" uspid="0" p8:type="SequencePoint" ordinal="4" offset="4" sc="0" sl="30" ec="1" el="35" bec="0" bev="0" fileid="42" xmlns:p8="xsi" />
            </Method>
          </Methods>
        </Class>
        <Class>
          <Summary numSequencePoints="11" visitedSequencePoints="0" numBranchPoints="4" visitedBranchPoints="0" sequenceCoverage="0" branchCoverage="0" maxCyclomaticComplexity="4" minCyclomaticComplexity="1" visitedClasses="0" numClasses="1" visitedMethods="0" numMethods="4" />
          <FullName>GenHTTP.Modules.Scriban.ScribanPageProviderBuilder`1</FullName>
          <Methods>
            <Method cyclomaticComplexity="1" nPathComplexity="0" sequenceCoverage="0" branchCoverage="100" isConstructor="False" isGetter="False" isSetter="False" isStatic="True">
              <Summary numSequencePoints="2" visitedSequencePoints="0" numBranchPoints="0" visitedBranchPoints="0" sequenceCoverage="0" branchCoverage="100" maxCyclomaticComplexity="1" minCyclomaticComplexity="1" visitedClasses="0" numClasses="0" visitedMethods="0" numMethods="1" />
              <MetadataToken />
              <Name>GenHTTP.Modules.Scriban.ScribanPageProviderBuilder`1&lt;T&gt; GenHTTP.Modules.Scriban.ScribanPageProviderBuilder`1::Template(GenHTTP.Api.Modules.IResourceProvider)</Name>
              <FileRef uid="43" />
              <SequencePoints>
                <SequencePoint vc="0" uspid="22" ordinal="0" sl="22" sc="1" el="22" ec="2" bec="0" bev="0" fileid="43" />
                <SequencePoint vc="0" uspid="23" ordinal="1" sl="23" sc="1" el="23" ec="2" bec="0" bev="0" fileid="43" />
              </SequencePoints>
              <BranchPoints />
              <MethodPoint vc="0" uspid="0" p8:type="SequencePoint" ordinal="0" offset="0" sc="0" sl="22" ec="1" el="23" bec="0" bev="0" fileid="43" xmlns:p8="xsi" />
            </Method>
            <Method cyclomaticComplexity="1" nPathComplexity="0" sequenceCoverage="0" branchCoverage="100" isConstructor="False" isGetter="False" isSetter="False" isStatic="True">
              <Summary numSequencePoints="2" visitedSequencePoints="0" numBranchPoints="0" visitedBranchPoints="0" sequenceCoverage="0" branchCoverage="100" maxCyclomaticComplexity="1" minCyclomaticComplexity="1" visitedClasses="0" numClasses="0" visitedMethods="0" numMethods="1" />
              <MetadataToken />
              <Name>GenHTTP.Modules.Scriban.ScribanPageProviderBuilder`1&lt;T&gt; GenHTTP.Modules.Scriban.ScribanPageProviderBuilder`1::Model(GenHTTP.Api.Modules.Templating.IPageProvider`1&lt;T&gt;)</Name>
              <FileRef uid="43" />
              <SequencePoints>
                <SequencePoint vc="0" uspid="28" ordinal="0" sl="28" sc="1" el="28" ec="2" bec="0" bev="0" fileid="43" />
                <SequencePoint vc="0" uspid="29" ordinal="1" sl="29" sc="1" el="29" ec="2" bec="0" bev="0" fileid="43" />
              </SequencePoints>
              <BranchPoints />
              <MethodPoint vc="0" uspid="0" p8:type="SequencePoint" ordinal="1" offset="1" sc="0" sl="28" ec="1" el="29" bec="0" bev="0" fileid="43" xmlns:p8="xsi" />
            </Method>
            <Method cyclomaticComplexity="1" nPathComplexity="0" sequenceCoverage="0" branchCoverage="100" isConstructor="False" isGetter="False" isSetter="False" isStatic="True">
              <Summary numSequencePoints="2" visitedSequencePoints="0" numBranchPoints="0" visitedBranchPoints="0" sequenceCoverage="0" branchCoverage="100" maxCyclomaticComplexity="1" minCyclomaticComplexity="1" visitedClasses="0" numClasses="0" visitedMethods="0" numMethods="1" />
              <MetadataToken />
              <Name>GenHTTP.Modules.Scriban.ScribanPageProviderBuilder`1&lt;T&gt; GenHTTP.Modules.Scriban.ScribanPageProviderBuilder`1::Title(System.String)</Name>
              <FileRef uid="43" />
              <SequencePoints>
                <SequencePoint vc="0" uspid="34" ordinal="0" sl="34" sc="1" el="34" ec="2" bec="0" bev="0" fileid="43" />
                <SequencePoint vc="0" uspid="35" ordinal="1" sl="35" sc="1" el="35" ec="2" bec="0" bev="0" fileid="43" />
              </SequencePoints>
              <BranchPoints />
              <MethodPoint vc="0" uspid="0" p8:type="SequencePoint" ordinal="2" offset="2" sc="0" sl="34" ec="1" el="35" bec="0" bev="0" fileid="43" xmlns:p8="xsi" />
            </Method>
            <Method cyclomaticComplexity="4" nPathComplexity="0" sequenceCoverage="0" branchCoverage="0" isConstructor="False" isGetter="False" isSetter="False" isStatic="True">
              <Summary numSequencePoints="5" visitedSequencePoints="0" numBranchPoints="4" visitedBranchPoints="0" sequenceCoverage="0" branchCoverage="0" maxCyclomaticComplexity="4" minCyclomaticComplexity="4" visitedClasses="0" numClasses="0" visitedMethods="0" numMethods="1" />
              <MetadataToken />
              <Name>GenHTTP.Api.Modules.IContentProvider GenHTTP.Modules.Scriban.ScribanPageProviderBuilder`1::Build()</Name>
              <FileRef uid="43" />
              <SequencePoints>
                <SequencePoint vc="0" uspid="40" ordinal="0" sl="40" sc="1" el="40" ec="2" bec="0" bev="0" fileid="43" />
                <SequencePoint vc="0" uspid="42" ordinal="1" sl="42" sc="1" el="42" ec="2" bec="0" bev="0" fileid="43" />
                <SequencePoint vc="0" uspid="45" ordinal="2" sl="45" sc="1" el="45" ec="2" bec="0" bev="0" fileid="43" />
                <SequencePoint vc="0" uspid="47" ordinal="3" sl="47" sc="1" el="47" ec="2" bec="0" bev="0" fileid="43" />
                <SequencePoint vc="0" uspid="50" ordinal="4" sl="50" sc="1" el="50" ec="2" bec="0" bev="0" fileid="43" />
              </SequencePoints>
              <BranchPoints>
                <BranchPoint vc="0" uspid="40" ordinal="0" path="0" offset="6" offsetend="8" sl="40" fileid="43" />
                <BranchPoint vc="0" uspid="40" ordinal="1" path="1" offset="6" offsetend="19" sl="40" fileid="43" />
                <BranchPoint vc="0" uspid="45" ordinal="2" path="0" offset="25" offsetend="27" sl="45" fileid="43" />
                <BranchPoint vc="0" uspid="45" ordinal="3" path="1" offset="25" offsetend="38" sl="45" fileid="43" />
              </BranchPoints>
              <MethodPoint vc="0" uspid="0" p8:type="SequencePoint" ordinal="3" offset="3" sc="0" sl="40" ec="1" el="50" bec="0" bev="0" fileid="43" xmlns:p8="xsi" />
            </Method>
          </Methods>
        </Class>
        <Class>
          <Summary numSequencePoints="10" visitedSequencePoints="0" numBranchPoints="0" visitedBranchPoints="0" sequenceCoverage="0" branchCoverage="100" maxCyclomaticComplexity="1" minCyclomaticComplexity="1" visitedClasses="0" numClasses="1" visitedMethods="0" numMethods="3" />
          <FullName>GenHTTP.Modules.Scriban.ScribanRenderer`1</FullName>
          <Methods>
            <Method cyclomaticComplexity="1" nPathComplexity="0" sequenceCoverage="0" branchCoverage="100" isConstructor="False" isGetter="True" isSetter="False" isStatic="True">
              <Summary numSequencePoints="1" visitedSequencePoints="0" numBranchPoints="0" visitedBranchPoints="0" sequenceCoverage="0" branchCoverage="100" maxCyclomaticComplexity="1" minCyclomaticComplexity="1" visitedClasses="0" numClasses="0" visitedMethods="0" numMethods="1" />
              <MetadataToken />
              <Name>GenHTTP.Api.Modules.IResourceProvider GenHTTP.Modules.Scriban.ScribanRenderer`1::get_TemplateProvider()</Name>
              <FileRef uid="44" />
              <SequencePoints>
                <SequencePoint vc="0" uspid="19" ordinal="0" sl="19" sc="1" el="19" ec="2" bec="0" bev="0" fileid="44" />
              </SequencePoints>
              <BranchPoints />
              <MethodPoint vc="0" uspid="0" p8:type="SequencePoint" ordinal="0" offset="0" sc="0" sl="19" ec="1" el="19" bec="0" bev="0" fileid="44" xmlns:p8="xsi" />
            </Method>
            <Method cyclomaticComplexity="1" nPathComplexity="0" sequenceCoverage="0" branchCoverage="100" isConstructor="False" isGetter="False" isSetter="False" isStatic="True">
              <Summary numSequencePoints="6" visitedSequencePoints="0" numBranchPoints="0" visitedBranchPoints="0" sequenceCoverage="0" branchCoverage="100" maxCyclomaticComplexity="1" minCyclomaticComplexity="1" visitedClasses="0" numClasses="0" visitedMethods="0" numMethods="1" />
              <MetadataToken />
              <Name>System.String GenHTTP.Modules.Scriban.ScribanRenderer`1::Render(T)</Name>
              <FileRef uid="44" />
              <SequencePoints>
                <SequencePoint vc="0" uspid="36" ordinal="0" sl="36" sc="1" el="36" ec="2" bec="0" bev="0" fileid="44" />
                <SequencePoint vc="0" uspid="38" ordinal="1" sl="38" sc="1" el="38" ec="2" bec="0" bev="0" fileid="44" />
                <SequencePoint vc="0" uspid="40" ordinal="2" sl="40" sc="1" el="40" ec="2" bec="0" bev="0" fileid="44" />
                <SequencePoint vc="0" uspid="42" ordinal="3" sl="42" sc="1" el="42" ec="2" bec="0" bev="0" fileid="44" />
                <SequencePoint vc="0" uspid="43" ordinal="4" sl="43" sc="1" el="43" ec="2" bec="0" bev="0" fileid="44" />
                <SequencePoint vc="0" uspid="45" ordinal="5" sl="45" sc="1" el="45" ec="2" bec="0" bev="0" fileid="44" />
              </SequencePoints>
              <BranchPoints />
              <MethodPoint vc="0" uspid="0" p8:type="SequencePoint" ordinal="1" offset="1" sc="0" sl="36" ec="1" el="45" bec="0" bev="0" fileid="44" xmlns:p8="xsi" />
            </Method>
            <Method cyclomaticComplexity="1" nPathComplexity="0" sequenceCoverage="0" branchCoverage="100" isConstructor="True" isGetter="False" isSetter="False" isStatic="True">
              <Summary numSequencePoints="3" visitedSequencePoints="0" numBranchPoints="0" visitedBranchPoints="0" sequenceCoverage="0" branchCoverage="100" maxCyclomaticComplexity="1" minCyclomaticComplexity="1" visitedClasses="0" numClasses="0" visitedMethods="0" numMethods="1" />
              <MetadataToken />
              <Name>System.Void GenHTTP.Modules.Scriban.ScribanRenderer`1::.ctor(GenHTTP.Api.Modules.IResourceProvider)</Name>
              <FileRef uid="44" />
              <SequencePoints>
                <SequencePoint vc="0" uspid="25" ordinal="0" sl="25" sc="1" el="25" ec="2" bec="0" bev="0" fileid="44" />
                <SequencePoint vc="0" uspid="27" ordinal="1" sl="27" sc="1" el="27" ec="2" bec="0" bev="0" fileid="44" />
                <SequencePoint vc="0" uspid="28" ordinal="2" sl="28" sc="1" el="28" ec="2" bec="0" bev="0" fileid="44" />
              </SequencePoints>
              <BranchPoints />
              <MethodPoint vc="0" uspid="0" p8:type="SequencePoint" ordinal="2" offset="2" sc="0" sl="25" ec="1" el="28" bec="0" bev="0" fileid="44" xmlns:p8="xsi" />
            </Method>
          </Methods>
        </Class>
        <Class>
          <Summary numSequencePoints="5" visitedSequencePoints="0" numBranchPoints="2" visitedBranchPoints="0" sequenceCoverage="0" branchCoverage="0" maxCyclomaticComplexity="2" minCyclomaticComplexity="1" visitedClasses="0" numClasses="1" visitedMethods="0" numMethods="2" />
          <FullName>GenHTTP.Modules.Scriban.ScribanRendererBuilder</FullName>
          <Methods>
            <Method cyclomaticComplexity="1" nPathComplexity="0" sequenceCoverage="0" branchCoverage="100" isConstructor="False" isGetter="False" isSetter="False" isStatic="True">
              <Summary numSequencePoints="2" visitedSequencePoints="0" numBranchPoints="0" visitedBranchPoints="0" sequenceCoverage="0" branchCoverage="100" maxCyclomaticComplexity="1" minCyclomaticComplexity="1" visitedClasses="0" numClasses="0" visitedMethods="0" numMethods="1" />
              <MetadataToken />
              <Name>GenHTTP.Modules.Scriban.ScribanRendererBuilder GenHTTP.Modules.Scriban.ScribanRendererBuilder::TemplateProvider(GenHTTP.Api.Modules.IResourceProvider)</Name>
              <FileRef uid="45" />
              <SequencePoints>
                <SequencePoint vc="0" uspid="22" ordinal="0" sl="22" sc="1" el="22" ec="2" bec="0" bev="0" fileid="45" />
                <SequencePoint vc="0" uspid="23" ordinal="1" sl="23" sc="1" el="23" ec="2" bec="0" bev="0" fileid="45" />
              </SequencePoints>
              <BranchPoints />
              <MethodPoint vc="0" uspid="0" p8:type="SequencePoint" ordinal="0" offset="0" sc="0" sl="22" ec="1" el="23" bec="0" bev="0" fileid="45" xmlns:p8="xsi" />
            </Method>
            <Method cyclomaticComplexity="2" nPathComplexity="0" sequenceCoverage="0" branchCoverage="0" isConstructor="False" isGetter="False" isSetter="False" isStatic="True">
              <Summary numSequencePoints="3" visitedSequencePoints="0" numBranchPoints="2" visitedBranchPoints="0" sequenceCoverage="0" branchCoverage="0" maxCyclomaticComplexity="2" minCyclomaticComplexity="2" visitedClasses="0" numClasses="0" visitedMethods="0" numMethods="1" />
              <MetadataToken />
              <Name>GenHTTP.Api.Modules.Templating.IRenderer`1&lt;GenHTTP.Api.Modules.Templating.TemplateModel&gt; GenHTTP.Modules.Scriban.ScribanRendererBuilder::Build()</Name>
              <FileRef uid="45" />
              <SequencePoints>
                <SequencePoint vc="0" uspid="28" ordinal="0" sl="28" sc="1" el="28" ec="2" bec="0" bev="0" fileid="45" />
                <SequencePoint vc="0" uspid="30" ordinal="1" sl="30" sc="1" el="30" ec="2" bec="0" bev="0" fileid="45" />
                <SequencePoint vc="0" uspid="33" ordinal="2" sl="33" sc="1" el="33" ec="2" bec="0" bev="0" fileid="45" />
              </SequencePoints>
              <BranchPoints>
                <BranchPoint vc="0" uspid="28" ordinal="0" path="0" offset="6" offsetend="8" sl="28" fileid="45" />
                <BranchPoint vc="0" uspid="28" ordinal="1" path="1" offset="6" offsetend="19" sl="28" fileid="45" />
              </BranchPoints>
              <MethodPoint vc="0" uspid="0" p8:type="SequencePoint" ordinal="1" offset="1" sc="0" sl="28" ec="1" el="33" bec="0" bev="0" fileid="45" xmlns:p8="xsi" />
            </Method>
          </Methods>
        </Class>
      </Classes>
    </Module>
    <Module hash="B1E5F489-5B63-444D-B142-B270F9124A37">
      <ModulePath>GenHTTP.Modules.Scriban.Tests.dll</ModulePath>
      <ModuleTime>2019-03-30T05:26:53</ModuleTime>
      <ModuleName>GenHTTP.Modules.Scriban.Tests</ModuleName>
      <Files>
        <File uid="46" fullPath="C:\Users\andrn\.nuget\packages\microsoft.net.test.sdk\16.0.0-preview-20181205-02\build\netcoreapp1.0\Microsoft.NET.Test.Sdk.Program.cs" />
        <File uid="47" fullPath="C:\Users\andrn\source\repos\Kaliumhexacyanoferrat\GenHTTP\Modules\GenHTTP.Modules.Scriban.Tests\UnitTest1.cs" />
      </Files>
      <Classes>
        <Class>
          <Summary numSequencePoints="1" visitedSequencePoints="0" numBranchPoints="0" visitedBranchPoints="0" sequenceCoverage="0" branchCoverage="100" maxCyclomaticComplexity="1" minCyclomaticComplexity="1" visitedClasses="0" numClasses="1" visitedMethods="0" numMethods="1" />
          <FullName>AutoGeneratedProgram</FullName>
          <Methods>
            <Method cyclomaticComplexity="1" nPathComplexity="0" sequenceCoverage="0" branchCoverage="100" isConstructor="False" isGetter="False" isSetter="False" isStatic="True">
              <Summary numSequencePoints="1" visitedSequencePoints="0" numBranchPoints="0" visitedBranchPoints="0" sequenceCoverage="0" branchCoverage="100" maxCyclomaticComplexity="1" minCyclomaticComplexity="1" visitedClasses="0" numClasses="0" visitedMethods="0" numMethods="1" />
              <MetadataToken />
              <Name>System.Void AutoGeneratedProgram::Main(System.String[])</Name>
              <FileRef uid="46" />
              <SequencePoints>
                <SequencePoint vc="0" uspid="4" ordinal="0" sl="4" sc="1" el="4" ec="2" bec="0" bev="0" fileid="46" />
              </SequencePoints>
              <BranchPoints />
              <MethodPoint vc="0" uspid="0" p8:type="SequencePoint" ordinal="0" offset="0" sc="0" sl="4" ec="1" el="4" bec="0" bev="0" fileid="46" xmlns:p8="xsi" />
            </Method>
          </Methods>
        </Class>
        <Class>
          <Summary numSequencePoints="1" visitedSequencePoints="1" numBranchPoints="0" visitedBranchPoints="0" sequenceCoverage="100" branchCoverage="100" maxCyclomaticComplexity="1" minCyclomaticComplexity="1" visitedClasses="1" numClasses="1" visitedMethods="1" numMethods="1" />
          <FullName>GenHTTP.Modules.Scriban.Tests.UnitTest1</FullName>
          <Methods>
            <Method cyclomaticComplexity="1" nPathComplexity="0" sequenceCoverage="100" branchCoverage="100" isConstructor="False" isGetter="False" isSetter="False" isStatic="True">
              <Summary numSequencePoints="1" visitedSequencePoints="1" numBranchPoints="0" visitedBranchPoints="0" sequenceCoverage="100" branchCoverage="100" maxCyclomaticComplexity="1" minCyclomaticComplexity="1" visitedClasses="0" numClasses="0" visitedMethods="1" numMethods="1" />
              <MetadataToken />
              <Name>System.Void GenHTTP.Modules.Scriban.Tests.UnitTest1::Test1()</Name>
              <FileRef uid="47" />
              <SequencePoints>
                <SequencePoint vc="1" uspid="14" ordinal="0" sl="14" sc="1" el="14" ec="2" bec="0" bev="0" fileid="47" />
              </SequencePoints>
              <BranchPoints />
              <MethodPoint vc="1" uspid="0" p8:type="SequencePoint" ordinal="0" offset="0" sc="0" sl="14" ec="1" el="14" bec="0" bev="0" fileid="47" xmlns:p8="xsi" />
            </Method>
          </Methods>
        </Class>
      </Classes>
    </Module>
  </Modules>
</CoverageSession>